{"/home/travis/build/npmtest/node-npmtest-parserlib/test.js":{"path":"/home/travis/build/npmtest/node-npmtest-parserlib/test.js","s":{"1":2,"2":2,"3":2,"4":2,"5":2,"6":2,"7":2,"8":1,"9":2,"10":2,"11":1,"12":1,"13":1,"14":1,"15":2,"16":2,"17":2,"18":2,"19":1,"20":1,"21":2,"22":2,"23":2,"24":1,"25":1,"26":1,"27":1,"28":1,"29":1,"30":1,"31":1,"32":1,"33":1,"34":1,"35":1,"36":1,"37":1,"38":1,"39":2,"40":2,"41":1,"42":2,"43":2,"44":1,"45":2,"46":2,"47":1,"48":2,"49":2,"50":1,"51":1,"52":1,"53":1,"54":1},"b":{"1":[2,1,1,1],"2":[1,1,1,1],"3":[1,1],"4":[1,1],"5":[1,1],"6":[1,1],"7":[1,1],"8":[1,1],"9":[1,1],"10":[1,1,1],"11":[1,1],"12":[1,1],"13":[1,1],"14":[1,1],"15":[1,1],"16":[1,1],"17":[1,1]},"f":{"1":2,"2":2,"3":2,"4":2,"5":2,"6":1,"7":1,"8":1,"9":2,"10":2,"11":2,"12":2,"13":1},"fnMap":{"1":{"name":"(anonymous_1)","line":12,"loc":{"start":{"line":12,"column":1},"end":{"line":12,"column":13}}},"2":{"name":"(anonymous_2)","line":19,"loc":{"start":{"line":19,"column":5},"end":{"line":19,"column":17}}},"3":{"name":"(anonymous_3)","line":23,"loc":{"start":{"line":23,"column":24},"end":{"line":23,"column":36}}},"4":{"name":"(anonymous_4)","line":61,"loc":{"start":{"line":61,"column":5},"end":{"line":61,"column":17}}},"5":{"name":"(anonymous_5)","line":82,"loc":{"start":{"line":82,"column":5},"end":{"line":82,"column":17}}},"6":{"name":"(anonymous_6)","line":91,"loc":{"start":{"line":91,"column":77},"end":{"line":94,"column":10}}},"7":{"name":"(anonymous_7)","line":112,"loc":{"start":{"line":112,"column":83},"end":{"line":115,"column":10}},"skip":true},"8":{"name":"(anonymous_8)","line":123,"loc":{"start":{"line":123,"column":77},"end":{"line":126,"column":10}},"skip":true},"9":{"name":"(anonymous_9)","line":139,"loc":{"start":{"line":139,"column":12},"end":{"line":139,"column":40}},"skip":true},"10":{"name":"(anonymous_10)","line":147,"loc":{"start":{"line":147,"column":77},"end":{"line":150,"column":10}},"skip":true},"11":{"name":"(anonymous_11)","line":158,"loc":{"start":{"line":158,"column":83},"end":{"line":161,"column":10}},"skip":true},"12":{"name":"(anonymous_12)","line":169,"loc":{"start":{"line":169,"column":79},"end":{"line":172,"column":10}},"skip":true},"13":{"name":"(anonymous_13)","line":180,"loc":{"start":{"line":180,"column":75},"end":{"line":183,"column":10}},"skip":true}},"statementMap":{"1":{"start":{"line":12,"column":0},"end":{"line":195,"column":5}},"2":{"start":{"line":14,"column":4},"end":{"line":14,"column":14}},"3":{"start":{"line":19,"column":4},"end":{"line":56,"column":9}},"4":{"start":{"line":21,"column":8},"end":{"line":21,"column":19}},"5":{"start":{"line":23,"column":8},"end":{"line":35,"column":13}},"6":{"start":{"line":24,"column":12},"end":{"line":34,"column":13}},"7":{"start":{"line":25,"column":16},"end":{"line":28,"column":30}},"8":{"start":{"line":30,"column":16},"end":{"line":33,"column":27}},"9":{"start":{"line":37,"column":8},"end":{"line":39,"column":21}},"10":{"start":{"line":40,"column":8},"end":{"line":53,"column":9}},"11":{"start":{"line":43,"column":12},"end":{"line":46,"column":14}},"12":{"start":{"line":47,"column":12},"end":{"line":47,"column":18}},"13":{"start":{"line":50,"column":12},"end":{"line":51,"column":46}},"14":{"start":{"line":52,"column":12},"end":{"line":52,"column":18}},"15":{"start":{"line":55,"column":8},"end":{"line":55,"column":35}},"16":{"start":{"line":61,"column":4},"end":{"line":63,"column":9}},"17":{"start":{"line":62,"column":8},"end":{"line":62,"column":15}},"18":{"start":{"line":64,"column":4},"end":{"line":77,"column":5}},"19":{"start":{"line":70,"column":8},"end":{"line":70,"column":14}},"20":{"start":{"line":76,"column":8},"end":{"line":76,"column":14}},"21":{"start":{"line":82,"column":4},"end":{"line":84,"column":9}},"22":{"start":{"line":83,"column":8},"end":{"line":83,"column":15}},"23":{"start":{"line":85,"column":4},"end":{"line":194,"column":5}},"24":{"start":{"line":91,"column":8},"end":{"line":99,"column":10}},"25":{"start":{"line":98,"column":12},"end":{"line":98,"column":35}},"26":{"start":{"line":102,"column":8},"end":{"line":104,"column":63}},"27":{"start":{"line":105,"column":8},"end":{"line":105,"column":14}},"28":{"start":{"line":112,"column":8},"end":{"line":121,"column":10},"skip":true},"29":{"start":{"line":119,"column":12},"end":{"line":119,"column":55},"skip":true},"30":{"start":{"line":120,"column":12},"end":{"line":120,"column":48},"skip":true},"31":{"start":{"line":123,"column":8},"end":{"line":136,"column":10},"skip":true},"32":{"start":{"line":130,"column":12},"end":{"line":130,"column":76},"skip":true},"33":{"start":{"line":131,"column":12},"end":{"line":131,"column":73},"skip":true},"34":{"start":{"line":132,"column":12},"end":{"line":132,"column":74},"skip":true},"35":{"start":{"line":133,"column":12},"end":{"line":133,"column":79},"skip":true},"36":{"start":{"line":134,"column":12},"end":{"line":134,"column":25},"skip":true},"37":{"start":{"line":135,"column":12},"end":{"line":135,"column":45},"skip":true},"38":{"start":{"line":138,"column":8},"end":{"line":145,"column":14},"skip":true},"39":{"start":{"line":143,"column":16},"end":{"line":143,"column":29},"skip":true},"40":{"start":{"line":144,"column":16},"end":{"line":144,"column":55},"skip":true},"41":{"start":{"line":147,"column":8},"end":{"line":156,"column":10},"skip":true},"42":{"start":{"line":154,"column":12},"end":{"line":154,"column":25},"skip":true},"43":{"start":{"line":155,"column":12},"end":{"line":155,"column":45},"skip":true},"44":{"start":{"line":158,"column":8},"end":{"line":167,"column":10},"skip":true},"45":{"start":{"line":165,"column":12},"end":{"line":165,"column":25},"skip":true},"46":{"start":{"line":166,"column":12},"end":{"line":166,"column":48},"skip":true},"47":{"start":{"line":169,"column":8},"end":{"line":178,"column":10},"skip":true},"48":{"start":{"line":176,"column":12},"end":{"line":176,"column":25},"skip":true},"49":{"start":{"line":177,"column":12},"end":{"line":177,"column":46},"skip":true},"50":{"start":{"line":180,"column":8},"end":{"line":189,"column":10},"skip":true},"51":{"start":{"line":187,"column":12},"end":{"line":187,"column":94},"skip":true},"52":{"start":{"line":188,"column":12},"end":{"line":188,"column":48},"skip":true},"53":{"start":{"line":192,"column":8},"end":{"line":192,"column":35},"skip":true},"54":{"start":{"line":193,"column":8},"end":{"line":193,"column":14},"skip":true}},"branchMap":{"1":{"line":25,"type":"binary-expr","locations":[{"start":{"line":25,"column":23},"end":{"line":25,"column":62}},{"start":{"line":26,"column":20},"end":{"line":26,"column":70}},{"start":{"line":27,"column":20},"end":{"line":27,"column":71}},{"start":{"line":28,"column":20},"end":{"line":28,"column":29}}]},"2":{"line":30,"type":"binary-expr","locations":[{"start":{"line":30,"column":23},"end":{"line":30,"column":37}},{"start":{"line":31,"column":20},"end":{"line":31,"column":61}},{"start":{"line":32,"column":20},"end":{"line":32,"column":70}},{"start":{"line":33,"column":20},"end":{"line":33,"column":26}}]},"3":{"line":37,"type":"cond-expr","locations":[{"start":{"line":38,"column":14},"end":{"line":38,"column":20}},{"start":{"line":39,"column":14},"end":{"line":39,"column":20}}]},"4":{"line":40,"type":"switch","locations":[{"start":{"line":42,"column":8},"end":{"line":47,"column":18}},{"start":{"line":49,"column":8},"end":{"line":52,"column":18}}]},"5":{"line":44,"type":"binary-expr","locations":[{"start":{"line":44,"column":16},"end":{"line":44,"column":44}},{"start":{"line":44,"column":48},"end":{"line":44,"column":66}}]},"6":{"line":50,"type":"binary-expr","locations":[{"start":{"line":50,"column":21},"end":{"line":50,"column":49}},{"start":{"line":50,"column":53},"end":{"line":50,"column":72}}]},"7":{"line":64,"type":"switch","locations":[{"start":{"line":69,"column":4},"end":{"line":70,"column":14}},{"start":{"line":75,"column":4},"end":{"line":76,"column":14}}]},"8":{"line":85,"type":"switch","locations":[{"start":{"line":90,"column":4},"end":{"line":105,"column":14}},{"start":{"line":111,"column":4},"end":{"line":193,"column":14},"skip":true}]},"9":{"line":91,"type":"binary-expr","locations":[{"start":{"line":91,"column":42},"end":{"line":91,"column":73}},{"start":{"line":91,"column":77},"end":{"line":99,"column":9}}]},"10":{"line":102,"type":"binary-expr","locations":[{"start":{"line":102,"column":18},"end":{"line":102,"column":32}},{"start":{"line":103,"column":12},"end":{"line":103,"column":53}},{"start":{"line":104,"column":12},"end":{"line":104,"column":61}}]},"11":{"line":112,"type":"binary-expr","locations":[{"start":{"line":112,"column":45},"end":{"line":112,"column":79},"skip":true},{"start":{"line":112,"column":83},"end":{"line":121,"column":9},"skip":true}]},"12":{"line":123,"type":"binary-expr","locations":[{"start":{"line":123,"column":42},"end":{"line":123,"column":73},"skip":true},{"start":{"line":123,"column":77},"end":{"line":136,"column":9},"skip":true}]},"13":{"line":138,"type":"binary-expr","locations":[{"start":{"line":138,"column":48},"end":{"line":138,"column":85},"skip":true},{"start":{"line":139,"column":12},"end":{"line":145,"column":13},"skip":true}]},"14":{"line":147,"type":"binary-expr","locations":[{"start":{"line":147,"column":42},"end":{"line":147,"column":73},"skip":true},{"start":{"line":147,"column":77},"end":{"line":156,"column":9},"skip":true}]},"15":{"line":158,"type":"binary-expr","locations":[{"start":{"line":158,"column":45},"end":{"line":158,"column":79},"skip":true},{"start":{"line":158,"column":83},"end":{"line":167,"column":9},"skip":true}]},"16":{"line":169,"type":"binary-expr","locations":[{"start":{"line":169,"column":43},"end":{"line":169,"column":75},"skip":true},{"start":{"line":169,"column":79},"end":{"line":178,"column":9},"skip":true}]},"17":{"line":180,"type":"binary-expr","locations":[{"start":{"line":180,"column":41},"end":{"line":180,"column":71},"skip":true},{"start":{"line":180,"column":75},"end":{"line":189,"column":9},"skip":true}]}},"code":["/* istanbul instrument in package npmtest_parserlib */","/*jslint","    bitwise: true,","    browser: true,","    maxerr: 8,","    maxlen: 96,","    node: true,","    nomen: true,","    regexp: true,","    stupid: true","*/","(function () {","    'use strict';","    var local;","","","","    // run shared js-env code - pre-init","    (function () {","        // init local","        local = {};","        // init modeJs","        local.modeJs = (function () {","            try {","                return typeof navigator.userAgent === 'string' &&","                    typeof document.querySelector('body') === 'object' &&","                    typeof XMLHttpRequest.prototype.open === 'function' &&","                    'browser';","            } catch (errorCaughtBrowser) {","                return module.exports &&","                    typeof process.versions.node === 'string' &&","                    typeof require('http').createServer === 'function' &&","                    'node';","            }","        }());","        // init global","        local.global = local.modeJs === 'browser'","            ? window","            : global;","        switch (local.modeJs) {","        // re-init local from window.local","        case 'browser':","            local = local.global.utility2.objectSetDefault(","                local.global.utility2_rollup || local.global.local,","                local.global.utility2","            );","            break;","        // re-init local from example.js","        case 'node':","            local = (local.global.utility2_rollup || require('utility2'))","                .requireExampleJsFromReadme();","            break;","        }","        // export local","        local.global.local = local;","    }());","","","","    // run shared js-env code - function","    (function () {","        return;","    }());","    switch (local.modeJs) {","","","","    // run browser js-env code - function","    case 'browser':","        break;","","","","    // run node js-env code - function","    case 'node':","        break;","    }","","","","    // run shared js-env code - post-init","    (function () {","        return;","    }());","    switch (local.modeJs) {","","","","    // run browser js-env code - post-init","    case 'browser':","        local.testCase_browser_nullCase = local.testCase_browser_nullCase || function (","            options,","            onError","        ) {","        /*","         * this function will test browsers's null-case handling-behavior-behavior","         */","            onError(null, options);","        };","","        // run tests","        local.nop(local.modeTest &&","            document.querySelector('#testRunButton1') &&","            document.querySelector('#testRunButton1').click());","        break;","","","","    // run node js-env code - post-init","    /* istanbul ignore next */","    case 'node':","        local.testCase_buildApidoc_default = local.testCase_buildApidoc_default || function (","            options,","            onError","        ) {","        /*","         * this function will test buildApidoc's default handling-behavior-behavior","         */","            options = { modulePathList: module.paths };","            local.buildApidoc(options, onError);","        };","","        local.testCase_buildApp_default = local.testCase_buildApp_default || function (","            options,","            onError","        ) {","        /*","         * this function will test buildApp's default handling-behavior-behavior","         */","            local.testCase_buildReadme_default(options, local.onErrorThrow);","            local.testCase_buildLib_default(options, local.onErrorThrow);","            local.testCase_buildTest_default(options, local.onErrorThrow);","            local.testCase_buildCustomOrg_default(options, local.onErrorThrow);","            options = [];","            local.buildApp(options, onError);","        };","","        local.testCase_buildCustomOrg_default = local.testCase_buildCustomOrg_default ||","            function (options, onError) {","            /*","             * this function will test buildCustomOrg's default handling-behavior","             */","                options = {};","                local.buildCustomOrg(options, onError);","            };","","        local.testCase_buildLib_default = local.testCase_buildLib_default || function (","            options,","            onError","        ) {","        /*","         * this function will test buildLib's default handling-behavior","         */","            options = {};","            local.buildLib(options, onError);","        };","","        local.testCase_buildReadme_default = local.testCase_buildReadme_default || function (","            options,","            onError","        ) {","        /*","         * this function will test buildReadme's default handling-behavior-behavior","         */","            options = {};","            local.buildReadme(options, onError);","        };","","        local.testCase_buildTest_default = local.testCase_buildTest_default || function (","            options,","            onError","        ) {","        /*","         * this function will test buildTest's default handling-behavior","         */","            options = {};","            local.buildTest(options, onError);","        };","","        local.testCase_webpage_default = local.testCase_webpage_default || function (","            options,","            onError","        ) {","        /*","         * this function will test webpage's default handling-behavior","         */","            options = { modeCoverageMerge: true, url: local.serverLocalHost + '?modeTest=1' };","            local.browserTest(options, onError);","        };","","        // run test-server","        local.testRunServer(local);","        break;","    }","}());",""],"l":{"12":2,"14":2,"19":2,"21":2,"23":2,"24":2,"25":2,"30":1,"37":2,"40":2,"43":1,"47":1,"50":1,"52":1,"55":2,"61":2,"62":2,"64":2,"70":1,"76":1,"82":2,"83":2,"85":2,"91":1,"98":1,"102":1,"105":1,"112":1,"119":1,"120":1,"123":1,"130":1,"131":1,"132":1,"133":1,"134":1,"135":1,"138":1,"143":2,"144":2,"147":1,"154":2,"155":2,"158":1,"165":2,"166":2,"169":1,"176":2,"177":2,"180":1,"187":1,"188":1,"192":1,"193":1}},"/home/travis/build/npmtest/node-npmtest-parserlib/lib.npmtest_parserlib.js":{"path":"/home/travis/build/npmtest/node-npmtest-parserlib/lib.npmtest_parserlib.js","s":{"1":2,"2":2,"3":2,"4":2,"5":2,"6":2,"7":2,"8":1,"9":2,"10":2,"11":2,"12":2,"13":1,"14":1,"15":1,"16":1},"b":{"1":[2,1,1,1],"2":[1,1,1,1],"3":[1,1],"4":[2,2],"5":[1,1]},"f":{"1":2,"2":2,"3":2},"fnMap":{"1":{"name":"(anonymous_1)","line":12,"loc":{"start":{"line":12,"column":1},"end":{"line":12,"column":13}}},"2":{"name":"(anonymous_2)","line":19,"loc":{"start":{"line":19,"column":5},"end":{"line":19,"column":17}}},"3":{"name":"(anonymous_3)","line":23,"loc":{"start":{"line":23,"column":24},"end":{"line":23,"column":36}}}},"statementMap":{"1":{"start":{"line":12,"column":0},"end":{"line":53,"column":5}},"2":{"start":{"line":14,"column":4},"end":{"line":14,"column":14}},"3":{"start":{"line":19,"column":4},"end":{"line":52,"column":9}},"4":{"start":{"line":21,"column":8},"end":{"line":21,"column":19}},"5":{"start":{"line":23,"column":8},"end":{"line":35,"column":13}},"6":{"start":{"line":24,"column":12},"end":{"line":34,"column":13}},"7":{"start":{"line":25,"column":16},"end":{"line":28,"column":30}},"8":{"start":{"line":30,"column":16},"end":{"line":33,"column":27}},"9":{"start":{"line":37,"column":8},"end":{"line":39,"column":21}},"10":{"start":{"line":41,"column":8},"end":{"line":41,"column":54}},"11":{"start":{"line":43,"column":8},"end":{"line":43,"column":54}},"12":{"start":{"line":45,"column":8},"end":{"line":51,"column":9}},"13":{"start":{"line":46,"column":12},"end":{"line":46,"column":60}},"14":{"start":{"line":48,"column":12},"end":{"line":48,"column":35}},"15":{"start":{"line":49,"column":12},"end":{"line":49,"column":49}},"16":{"start":{"line":50,"column":12},"end":{"line":50,"column":43}}},"branchMap":{"1":{"line":25,"type":"binary-expr","locations":[{"start":{"line":25,"column":23},"end":{"line":25,"column":62}},{"start":{"line":26,"column":20},"end":{"line":26,"column":70}},{"start":{"line":27,"column":20},"end":{"line":27,"column":71}},{"start":{"line":28,"column":20},"end":{"line":28,"column":29}}]},"2":{"line":30,"type":"binary-expr","locations":[{"start":{"line":30,"column":23},"end":{"line":30,"column":37}},{"start":{"line":31,"column":20},"end":{"line":31,"column":61}},{"start":{"line":32,"column":20},"end":{"line":32,"column":70}},{"start":{"line":33,"column":20},"end":{"line":33,"column":26}}]},"3":{"line":37,"type":"cond-expr","locations":[{"start":{"line":38,"column":14},"end":{"line":38,"column":20}},{"start":{"line":39,"column":14},"end":{"line":39,"column":20}}]},"4":{"line":41,"type":"binary-expr","locations":[{"start":{"line":41,"column":16},"end":{"line":41,"column":44}},{"start":{"line":41,"column":48},"end":{"line":41,"column":53}}]},"5":{"line":45,"type":"if","locations":[{"start":{"line":45,"column":8},"end":{"line":45,"column":8}},{"start":{"line":45,"column":8},"end":{"line":45,"column":8}}]}},"code":["/* istanbul instrument in package npmtest_parserlib */","/*jslint","    bitwise: true,","    browser: true,","    maxerr: 8,","    maxlen: 96,","    node: true,","    nomen: true,","    regexp: true,","    stupid: true","*/","(function () {","    'use strict';","    var local;","","","","    // run shared js-env code - pre-init","    (function () {","        // init local","        local = {};","        // init modeJs","        local.modeJs = (function () {","            try {","                return typeof navigator.userAgent === 'string' &&","                    typeof document.querySelector('body') === 'object' &&","                    typeof XMLHttpRequest.prototype.open === 'function' &&","                    'browser';","            } catch (errorCaughtBrowser) {","                return module.exports &&","                    typeof process.versions.node === 'string' &&","                    typeof require('http').createServer === 'function' &&","                    'node';","            }","        }());","        // init global","        local.global = local.modeJs === 'browser'","            ? window","            : global;","        // init utility2_rollup","        local = local.global.utility2_rollup || local;","        // init lib","        local.local = local.npmtest_parserlib = local;","        // init exports","        if (local.modeJs === 'browser') {","            local.global.utility2_npmtest_parserlib = local;","        } else {","            module.exports = local;","            module.exports.__dirname = __dirname;","            module.exports.module = module;","        }","    }());","}());",""],"l":{"12":2,"14":2,"19":2,"21":2,"23":2,"24":2,"25":2,"30":1,"37":2,"41":2,"43":2,"45":2,"46":1,"48":1,"49":1,"50":1}},"/home/travis/build/npmtest/node-npmtest-parserlib/example.js":{"path":"/home/travis/build/npmtest/node-npmtest-parserlib/example.js","s":{"1":2,"2":2,"3":2,"4":2,"5":2,"6":2,"7":2,"8":1,"9":2,"10":2,"11":2,"12":2,"13":1,"14":2,"15":2,"16":2,"17":2,"18":2,"19":0,"20":2,"21":1,"22":1,"23":1,"24":1,"25":1,"26":0,"27":0,"28":1,"29":1,"30":2,"31":0,"32":0,"33":0,"34":1,"35":2,"36":2,"37":3,"38":3,"39":3,"40":3,"41":0,"42":3,"43":3,"44":3,"45":1,"46":3,"47":1,"48":1,"49":1,"50":1,"51":1,"52":1,"53":1,"54":1,"55":1,"56":1,"57":0,"58":1,"59":6,"60":6,"61":1,"62":2,"63":0,"64":2,"65":1,"66":1,"67":0,"68":0,"69":0,"70":0,"71":0,"72":0,"73":0,"74":0,"75":0,"76":0,"77":0,"78":0,"79":0,"80":0,"81":0,"82":0,"83":0},"b":{"1":[2,1,1,1],"2":[1,1,1,1],"3":[1,1],"4":[2,2],"5":[1,1],"6":[1,1],"7":[2,0],"8":[2,1,1,1,1,1],"9":[0,2,0],"10":[1,1],"11":[2,1,1],"12":[1,0],"13":[0,2],"14":[2,0,0,0,0,0,0],"15":[0,3],"16":[3,0],"17":[1,1],"18":[0,1],"19":[1,2,0,2],"20":[1,0],"21":[1,1],"22":[0,0],"23":[0,0],"24":[0,0],"25":[0,0],"26":[0,0],"27":[0,0],"28":[0,0]},"f":{"1":2,"2":2,"3":2,"4":2,"5":2,"6":2,"7":3,"8":3,"9":3,"10":1,"11":6,"12":0},"fnMap":{"1":{"name":"(anonymous_1)","line":26,"loc":{"start":{"line":26,"column":1},"end":{"line":26,"column":13}}},"2":{"name":"(anonymous_2)","line":33,"loc":{"start":{"line":33,"column":5},"end":{"line":33,"column":17}}},"3":{"name":"(anonymous_3)","line":37,"loc":{"start":{"line":37,"column":24},"end":{"line":37,"column":36}}},"4":{"name":"(anonymous_4)","line":69,"loc":{"start":{"line":69,"column":31},"end":{"line":69,"column":48}},"skip":true},"5":{"name":"(anonymous_5)","line":78,"loc":{"start":{"line":78,"column":26},"end":{"line":78,"column":45}},"skip":true},"6":{"name":"(anonymous_6)","line":123,"loc":{"start":{"line":123,"column":33},"end":{"line":123,"column":48}},"skip":true},"7":{"name":"(anonymous_7)","line":125,"loc":{"start":{"line":125,"column":27},"end":{"line":125,"column":39}},"skip":true},"8":{"name":"(anonymous_8)","line":133,"loc":{"start":{"line":133,"column":59},"end":{"line":133,"column":74}},"skip":true},"9":{"name":"(anonymous_9)","line":143,"loc":{"start":{"line":143,"column":45},"end":{"line":143,"column":62}},"skip":true},"10":{"name":"(anonymous_10)","line":144,"loc":{"start":{"line":144,"column":73},"end":{"line":144,"column":92}},"skip":true},"11":{"name":"(anonymous_11)","line":272,"loc":{"start":{"line":272,"column":51},"end":{"line":272,"column":77}},"skip":true},"12":{"name":"(anonymous_12)","line":315,"loc":{"start":{"line":315,"column":32},"end":{"line":315,"column":61}},"skip":true}},"statementMap":{"1":{"start":{"line":26,"column":0},"end":{"line":326,"column":5}},"2":{"start":{"line":28,"column":4},"end":{"line":28,"column":14}},"3":{"start":{"line":33,"column":4},"end":{"line":60,"column":9}},"4":{"start":{"line":35,"column":8},"end":{"line":35,"column":19}},"5":{"start":{"line":37,"column":8},"end":{"line":49,"column":13}},"6":{"start":{"line":38,"column":12},"end":{"line":48,"column":13}},"7":{"start":{"line":39,"column":16},"end":{"line":42,"column":30}},"8":{"start":{"line":44,"column":16},"end":{"line":47,"column":27}},"9":{"start":{"line":51,"column":8},"end":{"line":53,"column":21}},"10":{"start":{"line":55,"column":8},"end":{"line":57,"column":45}},"11":{"start":{"line":59,"column":8},"end":{"line":59,"column":35}},"12":{"start":{"line":61,"column":4},"end":{"line":325,"column":5}},"13":{"start":{"line":69,"column":8},"end":{"line":121,"column":10},"skip":true},"14":{"start":{"line":70,"column":12},"end":{"line":88,"column":13},"skip":true},"15":{"start":{"line":76,"column":16},"end":{"line":87,"column":19},"skip":true},"16":{"start":{"line":79,"column":20},"end":{"line":86,"column":21},"skip":true},"17":{"start":{"line":82,"column":24},"end":{"line":82,"column":43},"skip":true},"18":{"start":{"line":83,"column":24},"end":{"line":83,"column":30},"skip":true},"19":{"start":{"line":85,"column":24},"end":{"line":85,"column":49},"skip":true},"20":{"start":{"line":89,"column":12},"end":{"line":107,"column":13},"skip":true},"21":{"start":{"line":92,"column":16},"end":{"line":102,"column":17},"skip":true},"22":{"start":{"line":93,"column":20},"end":{"line":93,"column":86},"skip":true},"23":{"start":{"line":94,"column":20},"end":{"line":95,"column":45},"skip":true},"24":{"start":{"line":96,"column":20},"end":{"line":96,"column":42},"skip":true},"25":{"start":{"line":97,"column":20},"end":{"line":97,"column":48},"skip":true},"26":{"start":{"line":100,"column":20},"end":{"line":100,"column":85},"skip":true},"27":{"start":{"line":101,"column":20},"end":{"line":101,"column":96},"skip":true},"28":{"start":{"line":103,"column":16},"end":{"line":103,"column":22},"skip":true},"29":{"start":{"line":106,"column":16},"end":{"line":106,"column":22},"skip":true},"30":{"start":{"line":108,"column":12},"end":{"line":120,"column":13},"skip":true},"31":{"start":{"line":114,"column":16},"end":{"line":119,"column":17},"skip":true},"32":{"start":{"line":116,"column":20},"end":{"line":116,"column":78},"skip":true},"33":{"start":{"line":118,"column":20},"end":{"line":118,"column":47},"skip":true},"34":{"start":{"line":123,"column":8},"end":{"line":141,"column":11},"skip":true},"35":{"start":{"line":124,"column":12},"end":{"line":124,"column":54},"skip":true},"36":{"start":{"line":125,"column":12},"end":{"line":140,"column":14},"skip":true},"37":{"start":{"line":126,"column":16},"end":{"line":126,"column":28},"skip":true},"38":{"start":{"line":127,"column":16},"end":{"line":127,"column":69},"skip":true},"39":{"start":{"line":128,"column":16},"end":{"line":128,"column":75},"skip":true},"40":{"start":{"line":129,"column":16},"end":{"line":131,"column":17},"skip":true},"41":{"start":{"line":130,"column":20},"end":{"line":130,"column":27},"skip":true},"42":{"start":{"line":133,"column":16},"end":{"line":137,"column":36},"skip":true},"43":{"start":{"line":134,"column":20},"end":{"line":136,"column":55},"skip":true},"44":{"start":{"line":139,"column":16},"end":{"line":139,"column":57},"skip":true},"45":{"start":{"line":143,"column":8},"end":{"line":147,"column":11},"skip":true},"46":{"start":{"line":144,"column":12},"end":{"line":146,"column":15},"skip":true},"47":{"start":{"line":145,"column":16},"end":{"line":145,"column":70},"skip":true},"48":{"start":{"line":149,"column":8},"end":{"line":149,"column":31},"skip":true},"49":{"start":{"line":150,"column":8},"end":{"line":150,"column":14},"skip":true},"50":{"start":{"line":158,"column":8},"end":{"line":158,"column":31},"skip":true},"51":{"start":{"line":160,"column":8},"end":{"line":160,"column":33},"skip":true},"52":{"start":{"line":161,"column":8},"end":{"line":161,"column":37},"skip":true},"53":{"start":{"line":162,"column":8},"end":{"line":162,"column":35},"skip":true},"54":{"start":{"line":164,"column":8},"end":{"line":164,"column":50},"skip":true},"55":{"start":{"line":166,"column":8},"end":{"line":256,"column":2},"skip":true},"56":{"start":{"line":258,"column":8},"end":{"line":286,"column":9},"skip":true},"57":{"start":{"line":259,"column":12},"end":{"line":269,"column":14},"skip":true},"58":{"start":{"line":271,"column":12},"end":{"line":285,"column":19},"skip":true},"59":{"start":{"line":274,"column":20},"end":{"line":274,"column":35},"skip":true},"60":{"start":{"line":275,"column":20},"end":{"line":284,"column":21},"skip":true},"61":{"start":{"line":277,"column":24},"end":{"line":277,"column":64},"skip":true},"62":{"start":{"line":279,"column":24},"end":{"line":279,"column":40},"skip":true},"63":{"start":{"line":281,"column":24},"end":{"line":281,"column":40},"skip":true},"64":{"start":{"line":283,"column":24},"end":{"line":283,"column":39},"skip":true},"65":{"start":{"line":288,"column":8},"end":{"line":290,"column":9},"skip":true},"66":{"start":{"line":289,"column":12},"end":{"line":289,"column":18},"skip":true},"67":{"start":{"line":291,"column":8},"end":{"line":293,"column":54},"skip":true},"68":{"start":{"line":296,"column":8},"end":{"line":301,"column":37},"skip":true},"69":{"start":{"line":303,"column":8},"end":{"line":303,"column":82},"skip":true},"70":{"start":{"line":306,"column":8},"end":{"line":308,"column":9},"skip":true},"71":{"start":{"line":307,"column":12},"end":{"line":307,"column":82},"skip":true},"72":{"start":{"line":310,"column":8},"end":{"line":312,"column":9},"skip":true},"73":{"start":{"line":311,"column":12},"end":{"line":311,"column":18},"skip":true},"74":{"start":{"line":313,"column":8},"end":{"line":313,"column":54},"skip":true},"75":{"start":{"line":314,"column":8},"end":{"line":314,"column":69},"skip":true},"76":{"start":{"line":315,"column":8},"end":{"line":323,"column":36},"skip":true},"77":{"start":{"line":316,"column":12},"end":{"line":316,"column":61},"skip":true},"78":{"start":{"line":317,"column":12},"end":{"line":320,"column":13},"skip":true},"79":{"start":{"line":318,"column":16},"end":{"line":318,"column":75},"skip":true},"80":{"start":{"line":319,"column":16},"end":{"line":319,"column":23},"skip":true},"81":{"start":{"line":321,"column":12},"end":{"line":321,"column":38},"skip":true},"82":{"start":{"line":322,"column":12},"end":{"line":322,"column":27},"skip":true},"83":{"start":{"line":324,"column":8},"end":{"line":324,"column":14},"skip":true}},"branchMap":{"1":{"line":39,"type":"binary-expr","locations":[{"start":{"line":39,"column":23},"end":{"line":39,"column":62}},{"start":{"line":40,"column":20},"end":{"line":40,"column":70}},{"start":{"line":41,"column":20},"end":{"line":41,"column":71}},{"start":{"line":42,"column":20},"end":{"line":42,"column":29}}]},"2":{"line":44,"type":"binary-expr","locations":[{"start":{"line":44,"column":23},"end":{"line":44,"column":37}},{"start":{"line":45,"column":20},"end":{"line":45,"column":61}},{"start":{"line":46,"column":20},"end":{"line":46,"column":70}},{"start":{"line":47,"column":20},"end":{"line":47,"column":26}}]},"3":{"line":51,"type":"cond-expr","locations":[{"start":{"line":52,"column":14},"end":{"line":52,"column":20}},{"start":{"line":53,"column":14},"end":{"line":53,"column":20}}]},"4":{"line":55,"type":"binary-expr","locations":[{"start":{"line":55,"column":16},"end":{"line":55,"column":44}},{"start":{"line":55,"column":49},"end":{"line":57,"column":43}}]},"5":{"line":55,"type":"cond-expr","locations":[{"start":{"line":56,"column":14},"end":{"line":56,"column":53}},{"start":{"line":57,"column":14},"end":{"line":57,"column":43}}]},"6":{"line":61,"type":"switch","locations":[{"start":{"line":68,"column":4},"end":{"line":150,"column":14},"skip":true},{"start":{"line":156,"column":4},"end":{"line":324,"column":14},"skip":true}]},"7":{"line":70,"type":"if","locations":[{"start":{"line":70,"column":12},"end":{"line":70,"column":12},"skip":true},{"start":{"line":70,"column":12},"end":{"line":70,"column":12},"skip":true}]},"8":{"line":70,"type":"binary-expr","locations":[{"start":{"line":70,"column":16},"end":{"line":70,"column":22},"skip":true},{"start":{"line":70,"column":27},"end":{"line":70,"column":32},"skip":true},{"start":{"line":71,"column":20},"end":{"line":71,"column":39},"skip":true},{"start":{"line":72,"column":20},"end":{"line":72,"column":49},"skip":true},{"start":{"line":73,"column":20},"end":{"line":73,"column":58},"skip":true},{"start":{"line":74,"column":20},"end":{"line":74,"column":69},"skip":true}]},"9":{"line":79,"type":"switch","locations":[{"start":{"line":80,"column":20},"end":{"line":80,"column":33},"skip":true},{"start":{"line":81,"column":20},"end":{"line":83,"column":30},"skip":true},{"start":{"line":84,"column":20},"end":{"line":85,"column":49},"skip":true}]},"10":{"line":89,"type":"switch","locations":[{"start":{"line":90,"column":12},"end":{"line":103,"column":22},"skip":true},{"start":{"line":105,"column":12},"end":{"line":106,"column":22},"skip":true}]},"11":{"line":89,"type":"binary-expr","locations":[{"start":{"line":89,"column":20},"end":{"line":89,"column":25},"skip":true},{"start":{"line":89,"column":29},"end":{"line":89,"column":48},"skip":true},{"start":{"line":89,"column":52},"end":{"line":89,"column":74},"skip":true}]},"12":{"line":92,"type":"if","locations":[{"start":{"line":92,"column":16},"end":{"line":92,"column":16},"skip":true},{"start":{"line":92,"column":16},"end":{"line":92,"column":16},"skip":true}]},"13":{"line":108,"type":"if","locations":[{"start":{"line":108,"column":12},"end":{"line":108,"column":12},"skip":true},{"start":{"line":108,"column":12},"end":{"line":108,"column":12},"skip":true}]},"14":{"line":108,"type":"binary-expr","locations":[{"start":{"line":108,"column":16},"end":{"line":108,"column":61},"skip":true},{"start":{"line":108,"column":66},"end":{"line":108,"column":72},"skip":true},{"start":{"line":108,"column":77},"end":{"line":108,"column":82},"skip":true},{"start":{"line":109,"column":20},"end":{"line":109,"column":39},"skip":true},{"start":{"line":110,"column":20},"end":{"line":110,"column":49},"skip":true},{"start":{"line":111,"column":20},"end":{"line":111,"column":58},"skip":true},{"start":{"line":112,"column":20},"end":{"line":112,"column":68},"skip":true}]},"15":{"line":129,"type":"if","locations":[{"start":{"line":129,"column":16},"end":{"line":129,"column":16},"skip":true},{"start":{"line":129,"column":16},"end":{"line":129,"column":16},"skip":true}]},"16":{"line":134,"type":"cond-expr","locations":[{"start":{"line":135,"column":26},"end":{"line":135,"column":29},"skip":true},{"start":{"line":136,"column":26},"end":{"line":136,"column":54},"skip":true}]},"17":{"line":164,"type":"binary-expr","locations":[{"start":{"line":164,"column":27},"end":{"line":164,"column":43},"skip":true},{"start":{"line":164,"column":47},"end":{"line":164,"column":49},"skip":true}]},"18":{"line":258,"type":"if","locations":[{"start":{"line":258,"column":8},"end":{"line":258,"column":8},"skip":true},{"start":{"line":258,"column":8},"end":{"line":258,"column":8},"skip":true}]},"19":{"line":275,"type":"switch","locations":[{"start":{"line":276,"column":20},"end":{"line":277,"column":64},"skip":true},{"start":{"line":278,"column":20},"end":{"line":279,"column":40},"skip":true},{"start":{"line":280,"column":20},"end":{"line":281,"column":40},"skip":true},{"start":{"line":282,"column":20},"end":{"line":283,"column":39},"skip":true}]},"20":{"line":288,"type":"if","locations":[{"start":{"line":288,"column":8},"end":{"line":288,"column":8},"skip":true},{"start":{"line":288,"column":8},"end":{"line":288,"column":8},"skip":true}]},"21":{"line":288,"type":"binary-expr","locations":[{"start":{"line":288,"column":12},"end":{"line":288,"column":40},"skip":true},{"start":{"line":288,"column":44},"end":{"line":288,"column":67},"skip":true}]},"22":{"line":292,"type":"binary-expr","locations":[{"start":{"line":292,"column":12},"end":{"line":292,"column":50},"skip":true},{"start":{"line":293,"column":12},"end":{"line":293,"column":53},"skip":true}]},"23":{"line":297,"type":"binary-expr","locations":[{"start":{"line":297,"column":12},"end":{"line":297,"column":67},"skip":true},{"start":{"line":298,"column":12},"end":{"line":301,"column":36},"skip":true}]},"24":{"line":303,"type":"binary-expr","locations":[{"start":{"line":303,"column":43},"end":{"line":303,"column":75},"skip":true},{"start":{"line":303,"column":79},"end":{"line":303,"column":81},"skip":true}]},"25":{"line":306,"type":"if","locations":[{"start":{"line":306,"column":8},"end":{"line":306,"column":8},"skip":true},{"start":{"line":306,"column":8},"end":{"line":306,"column":8},"skip":true}]},"26":{"line":310,"type":"if","locations":[{"start":{"line":310,"column":8},"end":{"line":310,"column":8},"skip":true},{"start":{"line":310,"column":8},"end":{"line":310,"column":8},"skip":true}]},"27":{"line":313,"type":"binary-expr","locations":[{"start":{"line":313,"column":27},"end":{"line":313,"column":43},"skip":true},{"start":{"line":313,"column":47},"end":{"line":313,"column":53},"skip":true}]},"28":{"line":317,"type":"if","locations":[{"start":{"line":317,"column":12},"end":{"line":317,"column":12},"skip":true},{"start":{"line":317,"column":12},"end":{"line":317,"column":12},"skip":true}]}},"code":["/*","example.js","","quickstart example","","instruction","    1. save this script as example.js","    2. run the shell command:","        $ npm install npmtest-parserlib && PORT=8081 node example.js","    3. play with the browser-demo on http://127.0.0.1:8081","*/","","","","/* istanbul instrument in package npmtest_parserlib */","/*jslint","    bitwise: true,","    browser: true,","    maxerr: 8,","    maxlen: 96,","    node: true,","    nomen: true,","    regexp: true,","    stupid: true","*/","(function () {","    'use strict';","    var local;","","","","    // run shared js-env code - pre-init","    (function () {","        // init local","        local = {};","        // init modeJs","        local.modeJs = (function () {","            try {","                return typeof navigator.userAgent === 'string' &&","                    typeof document.querySelector('body') === 'object' &&","                    typeof XMLHttpRequest.prototype.open === 'function' &&","                    'browser';","            } catch (errorCaughtBrowser) {","                return module.exports &&","                    typeof process.versions.node === 'string' &&","                    typeof require('http').createServer === 'function' &&","                    'node';","            }","        }());","        // init global","        local.global = local.modeJs === 'browser'","            ? window","            : global;","        // init utility2_rollup","        local = local.global.utility2_rollup || (local.modeJs === 'browser'","            ? local.global.utility2_npmtest_parserlib","            : global.utility2_moduleExports);","        // export local","        local.global.local = local;","    }());","    switch (local.modeJs) {","","","","    // post-init","    // run browser js-env code - post-init","    /* istanbul ignore next */","    case 'browser':","        local.testRunBrowser = function (event) {","            if (!event || (event &&","                    event.currentTarget &&","                    event.currentTarget.className &&","                    event.currentTarget.className.includes &&","                    event.currentTarget.className.includes('onreset'))) {","                // reset output","                Array.from(","                    document.querySelectorAll('body > .resettable')","                ).forEach(function (element) {","                    switch (element.tagName) {","                    case 'INPUT':","                    case 'TEXTAREA':","                        element.value = '';","                        break;","                    default:","                        element.textContent = '';","                    }","                });","            }","            switch (event && event.currentTarget && event.currentTarget.id) {","            case 'testRunButton1':","                // show tests","                if (document.querySelector('#testReportDiv1').style.display === 'none') {","                    document.querySelector('#testReportDiv1').style.display = 'block';","                    document.querySelector('#testRunButton1').textContent =","                        'hide internal test';","                    local.modeTest = true;","                    local.testRunDefault(local);","                // hide tests","                } else {","                    document.querySelector('#testReportDiv1').style.display = 'none';","                    document.querySelector('#testRunButton1').textContent = 'run internal test';","                }","                break;","            // custom-case","            default:","                break;","            }","            if (document.querySelector('#inputTextareaEval1') && (!event || (event &&","                    event.currentTarget &&","                    event.currentTarget.className &&","                    event.currentTarget.className.includes &&","                    event.currentTarget.className.includes('oneval')))) {","                // try to eval input-code","                try {","                    /*jslint evil: true*/","                    eval(document.querySelector('#inputTextareaEval1').value);","                } catch (errorCaught) {","                    console.error(errorCaught);","                }","            }","        };","        // log stderr and stdout to #outputTextareaStdout1","        ['error', 'log'].forEach(function (key) {","            console[key + '_original'] = console[key];","            console[key] = function () {","                var element;","                console[key + '_original'].apply(console, arguments);","                element = document.querySelector('#outputTextareaStdout1');","                if (!element) {","                    return;","                }","                // append text to #outputTextareaStdout1","                element.value += Array.from(arguments).map(function (arg) {","                    return typeof arg === 'string'","                        ? arg","                        : JSON.stringify(arg, null, 4);","                }).join(' ') + '\\n';","                // scroll textarea to bottom","                element.scrollTop = element.scrollHeight;","            };","        });","        // init event-handling","        ['change', 'click', 'keyup'].forEach(function (event) {","            Array.from(document.querySelectorAll('.on' + event)).forEach(function (element) {","                element.addEventListener(event, local.testRunBrowser);","            });","        });","        // run tests","        local.testRunBrowser();","        break;","","","","    // run node js-env code - post-init","    /* istanbul ignore next */","    case 'node':","        // export local","        module.exports = local;","        // require modules","        local.fs = require('fs');","        local.http = require('http');","        local.url = require('url');","        // init assets","        local.assetsDict = local.assetsDict || {};","        /* jslint-ignore-begin */","        local.assetsDict['/assets.index.template.html'] = '\\","<!doctype html>\\n\\","<html lang=\"en\">\\n\\","<head>\\n\\","<meta charset=\"UTF-8\">\\n\\","<meta name=\"viewport\" content=\"width=device-width, initial-scale=1\">\\n\\","<title>{{env.npm_package_name}} (v{{env.npm_package_version}})</title>\\n\\","<style>\\n\\","/*csslint\\n\\","    box-sizing: false,\\n\\","    universal-selector: false\\n\\","*/\\n\\","* {\\n\\","    box-sizing: border-box;\\n\\","}\\n\\","body {\\n\\","    background: #dde;\\n\\","    font-family: Arial, Helvetica, sans-serif;\\n\\","    margin: 2rem;\\n\\","}\\n\\","body > * {\\n\\","    margin-bottom: 1rem;\\n\\","}\\n\\",".utility2FooterDiv {\\n\\","    margin-top: 20px;\\n\\","    text-align: center;\\n\\","}\\n\\","</style>\\n\\","<style>\\n\\","/*csslint\\n\\","*/\\n\\","textarea {\\n\\","    font-family: monospace;\\n\\","    height: 10rem;\\n\\","    width: 100%;\\n\\","}\\n\\","textarea[readonly] {\\n\\","    background: #ddd;\\n\\","}\\n\\","</style>\\n\\","</head>\\n\\","<body>\\n\\","<!-- utility2-comment\\n\\","<div id=\"ajaxProgressDiv1\" style=\"background: #d00; height: 2px; left: 0; margin: 0; padding: 0; position: fixed; top: 0; transition: background 0.5s, width 1.5s; width: 25%;\"></div>\\n\\","utility2-comment -->\\n\\","<h1>\\n\\","<!-- utility2-comment\\n\\","    <a\\n\\","        {{#if env.npm_package_homepage}}\\n\\","        href=\"{{env.npm_package_homepage}}\"\\n\\","        {{/if env.npm_package_homepage}}\\n\\","        target=\"_blank\"\\n\\","    >\\n\\","utility2-comment -->\\n\\","        {{env.npm_package_name}} (v{{env.npm_package_version}})\\n\\","<!-- utility2-comment\\n\\","    </a>\\n\\","utility2-comment -->\\n\\","</h1>\\n\\","<h3>{{env.npm_package_description}}</h3>\\n\\","<!-- utility2-comment\\n\\","<h4><a download href=\"assets.app.js\">download standalone app</a></h4>\\n\\","<button class=\"onclick onreset\" id=\"testRunButton1\">run internal test</button><br>\\n\\","<div id=\"testReportDiv1\" style=\"display: none;\"></div>\\n\\","utility2-comment -->\\n\\","\\n\\","\\n\\","\\n\\","<label>stderr and stdout</label>\\n\\","<textarea class=\"resettable\" id=\"outputTextareaStdout1\" readonly></textarea>\\n\\","<!-- utility2-comment\\n\\","{{#if isRollup}}\\n\\","<script src=\"assets.app.js\"></script>\\n\\","{{#unless isRollup}}\\n\\","utility2-comment -->\\n\\","<script src=\"assets.utility2.rollup.js\"></script>\\n\\","<script src=\"jsonp.utility2._stateInit?callback=window.utility2._stateInit\"></script>\\n\\","<script src=\"assets.npmtest_parserlib.rollup.js\"></script>\\n\\","<script src=\"assets.example.js\"></script>\\n\\","<script src=\"assets.test.js\"></script>\\n\\","<!-- utility2-comment\\n\\","{{/if isRollup}}\\n\\","utility2-comment -->\\n\\","<div class=\"utility2FooterDiv\">\\n\\","    [ this app was created with\\n\\","    <a href=\"https://github.com/kaizhu256/node-utility2\" target=\"_blank\">utility2</a>\\n\\","    ]\\n\\","</div>\\n\\","</body>\\n\\","</html>\\n\\","';","        /* jslint-ignore-end */","        if (local.templateRender) {","            local.assetsDict['/'] = local.templateRender(","                local.assetsDict['/assets.index.template.html'],","                {","                    env: local.objectSetDefault(local.env, {","                        npm_package_description: 'the greatest app in the world!',","                        npm_package_name: 'my-app',","                        npm_package_nameAlias: 'my_app',","                        npm_package_version: '0.0.1'","                    })","                }","            );","        } else {","            local.assetsDict['/'] = local.assetsDict['/assets.index.template.html']","                .replace((/\\{\\{env\\.(\\w+?)\\}\\}/g), function (match0, match1) {","                    // jslint-hack","                    String(match0);","                    switch (match1) {","                    case 'npm_package_description':","                        return 'the greatest app in the world!';","                    case 'npm_package_name':","                        return 'my-app';","                    case 'npm_package_nameAlias':","                        return 'my_app';","                    case 'npm_package_version':","                        return '0.0.1';","                    }","                });","        }","        // run the cli","        if (local.global.utility2_rollup || module !== require.main) {","            break;","        }","        local.assetsDict['/assets.example.js'] =","            local.assetsDict['/assets.example.js'] ||","            local.fs.readFileSync(__filename, 'utf8');","        // bug-workaround - long $npm_package_buildCustomOrg","        /* jslint-ignore-begin */","        local.assetsDict['/assets.npmtest_parserlib.rollup.js'] =","            local.assetsDict['/assets.npmtest_parserlib.rollup.js'] ||","            local.fs.readFileSync(","                local.npmtest_parserlib.__dirname + '/lib.npmtest_parserlib.js',","                'utf8'","            ).replace((/^#!/), '//');","        /* jslint-ignore-end */","        local.assetsDict['/favicon.ico'] = local.assetsDict['/favicon.ico'] || '';","        // if $npm_config_timeout_exit exists,","        // then exit this process after $npm_config_timeout_exit ms","        if (Number(process.env.npm_config_timeout_exit)) {","            setTimeout(process.exit, Number(process.env.npm_config_timeout_exit));","        }","        // start server","        if (local.global.utility2_serverHttp1) {","            break;","        }","        process.env.PORT = process.env.PORT || '8081';","        console.error('server starting on port ' + process.env.PORT);","        local.http.createServer(function (request, response) {","            request.urlParsed = local.url.parse(request.url);","            if (local.assetsDict[request.urlParsed.pathname] !== undefined) {","                response.end(local.assetsDict[request.urlParsed.pathname]);","                return;","            }","            response.statusCode = 404;","            response.end();","        }).listen(process.env.PORT);","        break;","    }","}());",""],"l":{"26":2,"28":2,"33":2,"35":2,"37":2,"38":2,"39":2,"44":1,"51":2,"55":2,"59":2,"61":2,"69":1,"70":2,"76":2,"79":2,"82":2,"83":2,"85":1,"89":2,"92":1,"93":1,"94":1,"96":1,"97":1,"100":1,"101":1,"103":1,"106":1,"108":2,"114":1,"116":1,"118":1,"123":1,"124":2,"125":2,"126":3,"127":3,"128":3,"129":3,"130":1,"133":3,"134":3,"139":3,"143":1,"144":3,"145":1,"149":1,"150":1,"158":1,"160":1,"161":1,"162":1,"164":1,"166":1,"258":1,"259":1,"271":1,"274":6,"275":6,"277":1,"279":2,"281":1,"283":2,"288":1,"289":1,"291":1,"296":1,"303":1,"306":1,"307":1,"310":1,"311":1,"313":1,"314":1,"315":1,"316":1,"317":1,"318":1,"319":1,"321":1,"322":1,"324":1}},"/home/travis/build/npmtest/node-npmtest-parserlib/node_modules/parserlib/src/index.js":{"path":"/home/travis/build/npmtest/node-npmtest-parserlib/node_modules/parserlib/src/index.js","s":{"1":1},"b":{},"f":{},"fnMap":{},"statementMap":{"1":{"start":{"line":3,"column":0},"end":{"line":6,"column":2}}},"branchMap":{},"code":["\"use strict\";","","module.exports = {","    css  : require(\"./css\"),","    util : require(\"./util\")","};",""],"l":{"3":1}},"/home/travis/build/npmtest/node-npmtest-parserlib/node_modules/parserlib/src/css/index.js":{"path":"/home/travis/build/npmtest/node-npmtest-parserlib/node_modules/parserlib/src/css/index.js","s":{"1":1},"b":{},"f":{},"fnMap":{},"statementMap":{"1":{"start":{"line":3,"column":0},"end":{"line":20,"column":2}}},"branchMap":{},"code":["\"use strict\";","","module.exports = {","    Colors            : require(\"./Colors\"),","    Combinator        : require(\"./Combinator\"),","    Parser            : require(\"./Parser\"),","    PropertyName      : require(\"./PropertyName\"),","    PropertyValue     : require(\"./PropertyValue\"),","    PropertyValuePart : require(\"./PropertyValuePart\"),","    Matcher           : require(\"./Matcher\"),","    MediaFeature      : require(\"./MediaFeature\"),","    MediaQuery        : require(\"./MediaQuery\"),","    Selector          : require(\"./Selector\"),","    SelectorPart      : require(\"./SelectorPart\"),","    SelectorSubPart   : require(\"./SelectorSubPart\"),","    Specificity       : require(\"./Specificity\"),","    TokenStream       : require(\"./TokenStream\"),","    Tokens            : require(\"./Tokens\"),","    ValidationError   : require(\"./ValidationError\")","};",""],"l":{"3":1}},"/home/travis/build/npmtest/node-npmtest-parserlib/node_modules/parserlib/src/css/Colors.js":{"path":"/home/travis/build/npmtest/node-npmtest-parserlib/node_modules/parserlib/src/css/Colors.js","s":{"1":1},"b":{},"f":{},"fnMap":{},"statementMap":{"1":{"start":{"line":5,"column":0},"end":{"line":186,"column":2}}},"branchMap":{},"code":["\"use strict\";","","/* exported Colors */","","var Colors = module.exports = {","    __proto__       :null,","    aliceblue       :\"#f0f8ff\",","    antiquewhite    :\"#faebd7\",","    aqua            :\"#00ffff\",","    aquamarine      :\"#7fffd4\",","    azure           :\"#f0ffff\",","    beige           :\"#f5f5dc\",","    bisque          :\"#ffe4c4\",","    black           :\"#000000\",","    blanchedalmond  :\"#ffebcd\",","    blue            :\"#0000ff\",","    blueviolet      :\"#8a2be2\",","    brown           :\"#a52a2a\",","    burlywood       :\"#deb887\",","    cadetblue       :\"#5f9ea0\",","    chartreuse      :\"#7fff00\",","    chocolate       :\"#d2691e\",","    coral           :\"#ff7f50\",","    cornflowerblue  :\"#6495ed\",","    cornsilk        :\"#fff8dc\",","    crimson         :\"#dc143c\",","    cyan            :\"#00ffff\",","    darkblue        :\"#00008b\",","    darkcyan        :\"#008b8b\",","    darkgoldenrod   :\"#b8860b\",","    darkgray        :\"#a9a9a9\",","    darkgrey        :\"#a9a9a9\",","    darkgreen       :\"#006400\",","    darkkhaki       :\"#bdb76b\",","    darkmagenta     :\"#8b008b\",","    darkolivegreen  :\"#556b2f\",","    darkorange      :\"#ff8c00\",","    darkorchid      :\"#9932cc\",","    darkred         :\"#8b0000\",","    darksalmon      :\"#e9967a\",","    darkseagreen    :\"#8fbc8f\",","    darkslateblue   :\"#483d8b\",","    darkslategray   :\"#2f4f4f\",","    darkslategrey   :\"#2f4f4f\",","    darkturquoise   :\"#00ced1\",","    darkviolet      :\"#9400d3\",","    deeppink        :\"#ff1493\",","    deepskyblue     :\"#00bfff\",","    dimgray         :\"#696969\",","    dimgrey         :\"#696969\",","    dodgerblue      :\"#1e90ff\",","    firebrick       :\"#b22222\",","    floralwhite     :\"#fffaf0\",","    forestgreen     :\"#228b22\",","    fuchsia         :\"#ff00ff\",","    gainsboro       :\"#dcdcdc\",","    ghostwhite      :\"#f8f8ff\",","    gold            :\"#ffd700\",","    goldenrod       :\"#daa520\",","    gray            :\"#808080\",","    grey            :\"#808080\",","    green           :\"#008000\",","    greenyellow     :\"#adff2f\",","    honeydew        :\"#f0fff0\",","    hotpink         :\"#ff69b4\",","    indianred       :\"#cd5c5c\",","    indigo          :\"#4b0082\",","    ivory           :\"#fffff0\",","    khaki           :\"#f0e68c\",","    lavender        :\"#e6e6fa\",","    lavenderblush   :\"#fff0f5\",","    lawngreen       :\"#7cfc00\",","    lemonchiffon    :\"#fffacd\",","    lightblue       :\"#add8e6\",","    lightcoral      :\"#f08080\",","    lightcyan       :\"#e0ffff\",","    lightgoldenrodyellow  :\"#fafad2\",","    lightgray       :\"#d3d3d3\",","    lightgrey       :\"#d3d3d3\",","    lightgreen      :\"#90ee90\",","    lightpink       :\"#ffb6c1\",","    lightsalmon     :\"#ffa07a\",","    lightseagreen   :\"#20b2aa\",","    lightskyblue    :\"#87cefa\",","    lightslategray  :\"#778899\",","    lightslategrey  :\"#778899\",","    lightsteelblue  :\"#b0c4de\",","    lightyellow     :\"#ffffe0\",","    lime            :\"#00ff00\",","    limegreen       :\"#32cd32\",","    linen           :\"#faf0e6\",","    magenta         :\"#ff00ff\",","    maroon          :\"#800000\",","    mediumaquamarine:\"#66cdaa\",","    mediumblue      :\"#0000cd\",","    mediumorchid    :\"#ba55d3\",","    mediumpurple    :\"#9370d8\",","    mediumseagreen  :\"#3cb371\",","    mediumslateblue :\"#7b68ee\",","    mediumspringgreen   :\"#00fa9a\",","    mediumturquoise :\"#48d1cc\",","    mediumvioletred :\"#c71585\",","    midnightblue    :\"#191970\",","    mintcream       :\"#f5fffa\",","    mistyrose       :\"#ffe4e1\",","    moccasin        :\"#ffe4b5\",","    navajowhite     :\"#ffdead\",","    navy            :\"#000080\",","    oldlace         :\"#fdf5e6\",","    olive           :\"#808000\",","    olivedrab       :\"#6b8e23\",","    orange          :\"#ffa500\",","    orangered       :\"#ff4500\",","    orchid          :\"#da70d6\",","    palegoldenrod   :\"#eee8aa\",","    palegreen       :\"#98fb98\",","    paleturquoise   :\"#afeeee\",","    palevioletred   :\"#d87093\",","    papayawhip      :\"#ffefd5\",","    peachpuff       :\"#ffdab9\",","    peru            :\"#cd853f\",","    pink            :\"#ffc0cb\",","    plum            :\"#dda0dd\",","    powderblue      :\"#b0e0e6\",","    purple          :\"#800080\",","    red             :\"#ff0000\",","    rosybrown       :\"#bc8f8f\",","    royalblue       :\"#4169e1\",","    saddlebrown     :\"#8b4513\",","    salmon          :\"#fa8072\",","    sandybrown      :\"#f4a460\",","    seagreen        :\"#2e8b57\",","    seashell        :\"#fff5ee\",","    sienna          :\"#a0522d\",","    silver          :\"#c0c0c0\",","    skyblue         :\"#87ceeb\",","    slateblue       :\"#6a5acd\",","    slategray       :\"#708090\",","    slategrey       :\"#708090\",","    snow            :\"#fffafa\",","    springgreen     :\"#00ff7f\",","    steelblue       :\"#4682b4\",","    tan             :\"#d2b48c\",","    teal            :\"#008080\",","    thistle         :\"#d8bfd8\",","    tomato          :\"#ff6347\",","    turquoise       :\"#40e0d0\",","    violet          :\"#ee82ee\",","    wheat           :\"#f5deb3\",","    white           :\"#ffffff\",","    whitesmoke      :\"#f5f5f5\",","    yellow          :\"#ffff00\",","    yellowgreen     :\"#9acd32\",","    //'currentColor' color keyword https://www.w3.org/TR/css3-color/#currentcolor","    currentColor        :\"The value of the 'color' property.\",","    //CSS2 system colors https://www.w3.org/TR/css3-color/#css2-system","    activeBorder        :\"Active window border.\",","    activecaption       :\"Active window caption.\",","    appworkspace        :\"Background color of multiple document interface.\",","    background          :\"Desktop background.\",","    buttonface          :\"The face background color for 3-D elements that appear 3-D due to one layer of surrounding border.\",","    buttonhighlight     :\"The color of the border facing the light source for 3-D elements that appear 3-D due to one layer of surrounding border.\",","    buttonshadow        :\"The color of the border away from the light source for 3-D elements that appear 3-D due to one layer of surrounding border.\",","    buttontext          :\"Text on push buttons.\",","    captiontext         :\"Text in caption, size box, and scrollbar arrow box.\",","    graytext            :\"Grayed (disabled) text. This color is set to #000 if the current display driver does not support a solid gray color.\",","    greytext            :\"Greyed (disabled) text. This color is set to #000 if the current display driver does not support a solid grey color.\",","    highlight           :\"Item(s) selected in a control.\",","    highlighttext       :\"Text of item(s) selected in a control.\",","    inactiveborder      :\"Inactive window border.\",","    inactivecaption     :\"Inactive window caption.\",","    inactivecaptiontext :\"Color of text in an inactive caption.\",","    infobackground      :\"Background color for tooltip controls.\",","    infotext            :\"Text color for tooltip controls.\",","    menu                :\"Menu background.\",","    menutext            :\"Text in menus.\",","    scrollbar           :\"Scroll bar gray area.\",","    threeddarkshadow    :\"The color of the darker (generally outer) of the two borders away from the light source for 3-D elements that appear 3-D due to two concentric layers of surrounding border.\",","    threedface          :\"The face background color for 3-D elements that appear 3-D due to two concentric layers of surrounding border.\",","    threedhighlight     :\"The color of the lighter (generally outer) of the two borders facing the light source for 3-D elements that appear 3-D due to two concentric layers of surrounding border.\",","    threedlightshadow   :\"The color of the darker (generally inner) of the two borders facing the light source for 3-D elements that appear 3-D due to two concentric layers of surrounding border.\",","    threedshadow        :\"The color of the lighter (generally inner) of the two borders away from the light source for 3-D elements that appear 3-D due to two concentric layers of surrounding border.\",","    window              :\"Window background.\",","    windowframe         :\"Window frame.\",","    windowtext          :\"Text in windows.\"","};",""],"l":{"5":1}},"/home/travis/build/npmtest/node-npmtest-parserlib/node_modules/parserlib/src/css/Combinator.js":{"path":"/home/travis/build/npmtest/node-npmtest-parserlib/node_modules/parserlib/src/css/Combinator.js","s":{"1":1,"2":1,"3":1,"4":1,"5":0,"6":0,"7":0,"8":0,"9":0,"10":0,"11":0,"12":0,"13":0,"14":0,"15":1,"16":1},"b":{"1":[0,0],"2":[0,0],"3":[0,0],"4":[0,0]},"f":{"1":0},"fnMap":{"1":{"name":"Combinator","line":19,"loc":{"start":{"line":19,"column":0},"end":{"line":19,"column":37}}}},"statementMap":{"1":{"start":{"line":3,"column":0},"end":{"line":3,"column":28}},"2":{"start":{"line":5,"column":0},"end":{"line":5,"column":47}},"3":{"start":{"line":7,"column":0},"end":{"line":7,"column":33}},"4":{"start":{"line":19,"column":0},"end":{"line":41,"column":1}},"5":{"start":{"line":21,"column":4},"end":{"line":21,"column":67}},"6":{"start":{"line":28,"column":4},"end":{"line":28,"column":26}},"7":{"start":{"line":31,"column":4},"end":{"line":39,"column":5}},"8":{"start":{"line":32,"column":8},"end":{"line":32,"column":33}},"9":{"start":{"line":33,"column":11},"end":{"line":39,"column":5}},"10":{"start":{"line":34,"column":8},"end":{"line":34,"column":28}},"11":{"start":{"line":35,"column":11},"end":{"line":39,"column":5}},"12":{"start":{"line":36,"column":8},"end":{"line":36,"column":39}},"13":{"start":{"line":37,"column":11},"end":{"line":39,"column":5}},"14":{"start":{"line":38,"column":8},"end":{"line":38,"column":30}},"15":{"start":{"line":43,"column":0},"end":{"line":43,"column":40}},"16":{"start":{"line":44,"column":0},"end":{"line":44,"column":46}}},"branchMap":{"1":{"line":31,"type":"if","locations":[{"start":{"line":31,"column":4},"end":{"line":31,"column":4}},{"start":{"line":31,"column":4},"end":{"line":31,"column":4}}]},"2":{"line":33,"type":"if","locations":[{"start":{"line":33,"column":11},"end":{"line":33,"column":11}},{"start":{"line":33,"column":11},"end":{"line":33,"column":11}}]},"3":{"line":35,"type":"if","locations":[{"start":{"line":35,"column":11},"end":{"line":35,"column":11}},{"start":{"line":35,"column":11},"end":{"line":35,"column":11}}]},"4":{"line":37,"type":"if","locations":[{"start":{"line":37,"column":11},"end":{"line":37,"column":11}},{"start":{"line":37,"column":11},"end":{"line":37,"column":11}}]}},"code":["\"use strict\";","","module.exports = Combinator;","","var SyntaxUnit = require(\"../util/SyntaxUnit\");","","var Parser = require(\"./Parser\");","","/**"," * Represents a selector combinator (whitespace, +, >)."," * @namespace parserlib.css"," * @class Combinator"," * @extends parserlib.util.SyntaxUnit"," * @constructor"," * @param {String} text The text representation of the unit."," * @param {int} line The line of text on which the unit resides."," * @param {int} col The column of text on which the unit resides."," */","function Combinator(text, line, col) {","","    SyntaxUnit.call(this, text, line, col, Parser.COMBINATOR_TYPE);","","    /**","     * The type of modifier.","     * @type String","     * @property type","     */","    this.type = \"unknown\";","","    //pretty simple","    if (/^\\s+$/.test(text)) {","        this.type = \"descendant\";","    } else if (text === \">\") {","        this.type = \"child\";","    } else if (text === \"+\") {","        this.type = \"adjacent-sibling\";","    } else if (text === \"~\") {","        this.type = \"sibling\";","    }","","}","","Combinator.prototype = new SyntaxUnit();","Combinator.prototype.constructor = Combinator;","",""],"l":{"3":1,"5":1,"7":1,"19":1,"21":0,"28":0,"31":0,"32":0,"33":0,"34":0,"35":0,"36":0,"37":0,"38":0,"43":1,"44":1}},"/home/travis/build/npmtest/node-npmtest-parserlib/node_modules/parserlib/src/util/SyntaxUnit.js":{"path":"/home/travis/build/npmtest/node-npmtest-parserlib/node_modules/parserlib/src/util/SyntaxUnit.js","s":{"1":1,"2":1,"3":9,"4":9,"5":9,"6":9,"7":1,"8":0,"9":1,"10":0,"11":0},"b":{},"f":{"1":9,"2":0,"3":0,"4":0},"fnMap":{"1":{"name":"SyntaxUnit","line":14,"loc":{"start":{"line":14,"column":0},"end":{"line":14,"column":43}}},"2":{"name":"(anonymous_2)","line":55,"loc":{"start":{"line":55,"column":23},"end":{"line":55,"column":39}}},"3":{"name":"(anonymous_3)","line":69,"loc":{"start":{"line":69,"column":13},"end":{"line":69,"column":24}}},"4":{"name":"(anonymous_4)","line":78,"loc":{"start":{"line":78,"column":14},"end":{"line":78,"column":25}}}},"statementMap":{"1":{"start":{"line":3,"column":0},"end":{"line":3,"column":28}},"2":{"start":{"line":14,"column":0},"end":{"line":44,"column":1}},"3":{"start":{"line":22,"column":4},"end":{"line":22,"column":19}},"4":{"start":{"line":29,"column":4},"end":{"line":29,"column":21}},"5":{"start":{"line":36,"column":4},"end":{"line":36,"column":21}},"6":{"start":{"line":43,"column":4},"end":{"line":43,"column":21}},"7":{"start":{"line":55,"column":0},"end":{"line":57,"column":2}},"8":{"start":{"line":56,"column":4},"end":{"line":56,"column":72}},"9":{"start":{"line":59,"column":0},"end":{"line":82,"column":2}},"10":{"start":{"line":70,"column":8},"end":{"line":70,"column":31}},"11":{"start":{"line":79,"column":8},"end":{"line":79,"column":25}}},"branchMap":{},"code":["\"use strict\";","","module.exports = SyntaxUnit;","","/**"," * Base type to represent a single syntactic unit."," * @class SyntaxUnit"," * @namespace parserlib.util"," * @constructor"," * @param {String} text The text of the unit."," * @param {int} line The line of text on which the unit resides."," * @param {int} col The column of text on which the unit resides."," */","function SyntaxUnit(text, line, col, type) {","","","    /**","     * The column of text on which the unit resides.","     * @type int","     * @property col","     */","    this.col = col;","","    /**","     * The line of text on which the unit resides.","     * @type int","     * @property line","     */","    this.line = line;","","    /**","     * The text representation of the unit.","     * @type String","     * @property text","     */","    this.text = text;","","    /**","     * The type of syntax unit.","     * @type int","     * @property type","     */","    this.type = type;","}","","/**"," * Create a new syntax unit based solely on the given token."," * Convenience method for creating a new syntax unit when"," * it represents a single token instead of multiple."," * @param {Object} token The token object to represent."," * @return {parserlib.util.SyntaxUnit} The object representing the token."," * @static"," * @method fromToken"," */","SyntaxUnit.fromToken = function(token) {","    return new SyntaxUnit(token.value, token.startLine, token.startCol);","};","","SyntaxUnit.prototype = {","","    //restore constructor","    constructor: SyntaxUnit,","","    /**","     * Returns the text representation of the unit.","     * @return {String} The text representation of the unit.","     * @method valueOf","     */","    valueOf: function() {","        return this.toString();","    },","","    /**","     * Returns the text representation of the unit.","     * @return {String} The text representation of the unit.","     * @method toString","     */","    toString: function() {","        return this.text;","    }","","};",""],"l":{"3":1,"14":1,"22":9,"29":9,"36":9,"43":9,"55":1,"56":0,"59":1,"70":0,"79":0}},"/home/travis/build/npmtest/node-npmtest-parserlib/node_modules/parserlib/src/css/Parser.js":{"path":"/home/travis/build/npmtest/node-npmtest-parserlib/node_modules/parserlib/src/css/Parser.js","s":{"1":1,"2":1,"3":1,"4":1,"5":1,"6":1,"7":1,"8":1,"9":1,"10":1,"11":1,"12":1,"13":1,"14":1,"15":1,"16":1,"17":1,"18":0,"19":0,"20":0,"21":1,"22":1,"23":1,"24":1,"25":1,"26":1,"27":1,"28":1,"29":1,"30":1,"31":1,"32":1,"33":0,"34":0,"35":0,"36":0,"37":0,"38":0,"39":0,"40":0,"41":0,"42":0,"43":0,"44":0,"45":0,"46":0,"47":0,"48":0,"49":0,"50":0,"51":0,"52":0,"53":0,"54":0,"55":0,"56":0,"57":0,"58":0,"59":0,"60":0,"61":0,"62":0,"63":0,"64":0,"65":0,"66":0,"67":0,"68":0,"69":0,"70":0,"71":0,"72":0,"73":0,"74":0,"75":0,"76":0,"77":0,"78":0,"79":0,"80":0,"81":0,"82":0,"83":0,"84":0,"85":0,"86":0,"87":0,"88":0,"89":0,"90":0,"91":0,"92":0,"93":0,"94":0,"95":0,"96":0,"97":0,"98":0,"99":0,"100":0,"101":0,"102":0,"103":0,"104":0,"105":0,"106":0,"107":0,"108":0,"109":0,"110":0,"111":0,"112":0,"113":0,"114":0,"115":0,"116":0,"117":0,"118":0,"119":0,"120":0,"121":0,"122":0,"123":0,"124":0,"125":0,"126":0,"127":0,"128":0,"129":0,"130":0,"131":0,"132":0,"133":0,"134":0,"135":0,"136":0,"137":0,"138":0,"139":0,"140":0,"141":0,"142":0,"143":0,"144":0,"145":0,"146":0,"147":0,"148":0,"149":0,"150":0,"151":0,"152":0,"153":0,"154":0,"155":0,"156":0,"157":0,"158":0,"159":0,"160":0,"161":0,"162":0,"163":0,"164":0,"165":0,"166":0,"167":0,"168":0,"169":0,"170":0,"171":0,"172":0,"173":0,"174":0,"175":0,"176":0,"177":0,"178":0,"179":0,"180":0,"181":0,"182":0,"183":0,"184":0,"185":0,"186":0,"187":0,"188":0,"189":0,"190":0,"191":0,"192":0,"193":0,"194":0,"195":0,"196":0,"197":0,"198":0,"199":0,"200":0,"201":0,"202":0,"203":0,"204":0,"205":0,"206":0,"207":0,"208":0,"209":0,"210":0,"211":0,"212":0,"213":0,"214":0,"215":0,"216":0,"217":0,"218":0,"219":0,"220":0,"221":0,"222":0,"223":0,"224":0,"225":0,"226":0,"227":0,"228":0,"229":0,"230":0,"231":0,"232":0,"233":0,"234":0,"235":0,"236":0,"237":0,"238":0,"239":0,"240":0,"241":0,"242":0,"243":0,"244":0,"245":0,"246":0,"247":0,"248":0,"249":0,"250":0,"251":0,"252":0,"253":0,"254":0,"255":0,"256":0,"257":0,"258":0,"259":0,"260":0,"261":0,"262":0,"263":0,"264":0,"265":0,"266":0,"267":0,"268":0,"269":0,"270":0,"271":0,"272":0,"273":0,"274":0,"275":0,"276":0,"277":0,"278":0,"279":0,"280":0,"281":0,"282":0,"283":0,"284":0,"285":0,"286":0,"287":0,"288":0,"289":0,"290":0,"291":0,"292":0,"293":0,"294":0,"295":0,"296":0,"297":0,"298":0,"299":0,"300":0,"301":0,"302":0,"303":0,"304":0,"305":0,"306":0,"307":0,"308":0,"309":0,"310":0,"311":0,"312":0,"313":0,"314":0,"315":0,"316":0,"317":0,"318":0,"319":0,"320":0,"321":0,"322":0,"323":0,"324":0,"325":0,"326":0,"327":0,"328":0,"329":0,"330":0,"331":0,"332":0,"333":0,"334":0,"335":0,"336":0,"337":0,"338":0,"339":0,"340":0,"341":0,"342":0,"343":0,"344":0,"345":0,"346":0,"347":0,"348":0,"349":0,"350":0,"351":0,"352":0,"353":0,"354":0,"355":0,"356":0,"357":0,"358":0,"359":0,"360":0,"361":0,"362":0,"363":0,"364":0,"365":0,"366":0,"367":0,"368":0,"369":0,"370":0,"371":0,"372":0,"373":0,"374":0,"375":0,"376":0,"377":0,"378":0,"379":0,"380":0,"381":0,"382":0,"383":0,"384":0,"385":0,"386":0,"387":0,"388":0,"389":0,"390":0,"391":0,"392":0,"393":0,"394":0,"395":0,"396":0,"397":0,"398":0,"399":0,"400":0,"401":0,"402":0,"403":0,"404":0,"405":0,"406":0,"407":0,"408":0,"409":0,"410":0,"411":0,"412":0,"413":0,"414":0,"415":0,"416":0,"417":0,"418":0,"419":0,"420":0,"421":0,"422":0,"423":0,"424":0,"425":0,"426":0,"427":0,"428":0,"429":0,"430":0,"431":0,"432":0,"433":0,"434":0,"435":0,"436":0,"437":0,"438":0,"439":0,"440":0,"441":0,"442":0,"443":0,"444":0,"445":0,"446":0,"447":0,"448":0,"449":0,"450":0,"451":0,"452":0,"453":0,"454":0,"455":0,"456":0,"457":0,"458":0,"459":0,"460":0,"461":0,"462":0,"463":0,"464":0,"465":0,"466":0,"467":0,"468":0,"469":0,"470":0,"471":0,"472":0,"473":0,"474":0,"475":0,"476":0,"477":0,"478":0,"479":0,"480":0,"481":0,"482":0,"483":0,"484":0,"485":0,"486":0,"487":0,"488":0,"489":0,"490":0,"491":0,"492":0,"493":0,"494":0,"495":0,"496":0,"497":0,"498":0,"499":0,"500":0,"501":0,"502":0,"503":0,"504":0,"505":0,"506":0,"507":0,"508":0,"509":0,"510":0,"511":0,"512":0,"513":0,"514":0,"515":0,"516":0,"517":0,"518":0,"519":0,"520":0,"521":0,"522":0,"523":0,"524":0,"525":0,"526":0,"527":0,"528":0,"529":0,"530":0,"531":0,"532":0,"533":0,"534":0,"535":0,"536":0,"537":0,"538":0,"539":0,"540":0,"541":0,"542":0,"543":0,"544":0,"545":0,"546":0,"547":0,"548":0,"549":0,"550":0,"551":0,"552":0,"553":0,"554":0,"555":0,"556":0,"557":0,"558":0,"559":0,"560":0,"561":0,"562":0,"563":0,"564":0,"565":0,"566":0,"567":0,"568":0,"569":0,"570":0,"571":0,"572":0,"573":0,"574":0,"575":0,"576":0,"577":0,"578":0,"579":0,"580":0,"581":0,"582":0,"583":0,"584":0,"585":0,"586":0,"587":0,"588":0,"589":0,"590":0,"591":0,"592":0,"593":0,"594":0,"595":0,"596":0,"597":0,"598":0,"599":0,"600":0,"601":0,"602":0,"603":0,"604":0,"605":0,"606":0,"607":0,"608":0,"609":0,"610":0,"611":0,"612":0,"613":0,"614":0,"615":0,"616":0,"617":0,"618":0,"619":0,"620":0,"621":0,"622":0,"623":0,"624":0,"625":0,"626":0,"627":0,"628":0,"629":0,"630":0,"631":0,"632":0,"633":0,"634":0,"635":0,"636":0,"637":0,"638":0,"639":0,"640":0,"641":0,"642":0,"643":0,"644":0,"645":0,"646":0,"647":0,"648":0,"649":0,"650":0,"651":0,"652":0,"653":0,"654":0,"655":0,"656":0,"657":0,"658":0,"659":0,"660":0,"661":0,"662":0,"663":0,"664":0,"665":0,"666":0,"667":0,"668":0,"669":0,"670":0,"671":0,"672":0,"673":0,"674":0,"675":0,"676":0,"677":0,"678":0,"679":0,"680":0,"681":0,"682":0,"683":0,"684":0,"685":0,"686":0,"687":0,"688":0,"689":0,"690":0,"691":0,"692":0,"693":0,"694":0,"695":0,"696":0,"697":0,"698":0,"699":0,"700":0,"701":0,"702":0,"703":0,"704":0,"705":0,"706":0,"707":0,"708":0,"709":0,"710":0,"711":0,"712":0,"713":0,"714":0,"715":0,"716":0,"717":0,"718":0,"719":0,"720":0,"721":0,"722":0,"723":0,"724":0,"725":0,"726":0,"727":0,"728":0,"729":0,"730":0,"731":0,"732":0,"733":0,"734":0,"735":0,"736":0,"737":0,"738":0,"739":0,"740":0,"741":0,"742":0,"743":0,"744":0,"745":0,"746":0,"747":0,"748":0,"749":0,"750":0,"751":0,"752":0,"753":0,"754":0,"755":0,"756":0,"757":0,"758":0,"759":0,"760":0,"761":0,"762":0,"763":0,"764":0,"765":0,"766":0,"767":0,"768":0,"769":0,"770":0,"771":0,"772":0,"773":0,"774":0,"775":0,"776":0,"777":0,"778":0,"779":0,"780":0,"781":0,"782":0,"783":0,"784":0,"785":0,"786":0,"787":0,"788":0,"789":0,"790":0,"791":0,"792":0,"793":0,"794":0,"795":0,"796":0,"797":0,"798":0,"799":0,"800":0,"801":0,"802":0,"803":0,"804":0,"805":0,"806":0,"807":0,"808":0,"809":0,"810":1,"811":77,"812":77,"813":1},"b":{"1":[0,0],"2":[0,0,0,0,0,0,0,0,0,0],"3":[0,0],"4":[0,0],"5":[0,0,0,0],"6":[0,0],"7":[0,0],"8":[0,0],"9":[0,0],"10":[0,0],"11":[0,0],"12":[0,0],"13":[0,0],"14":[0,0],"15":[0,0],"16":[0,0],"17":[0,0],"18":[0,0],"19":[0,0],"20":[0,0],"21":[0,0],"22":[0,0],"23":[0,0],"24":[0,0],"25":[0,0],"26":[0,0],"27":[0,0],"28":[0,0],"29":[0,0],"30":[0,0],"31":[0,0],"32":[0,0],"33":[0,0],"34":[0,0],"35":[0,0],"36":[0,0],"37":[0,0],"38":[0,0],"39":[0,0],"40":[0,0],"41":[0,0],"42":[0,0],"43":[0,0],"44":[0,0],"45":[0,0],"46":[0,0],"47":[0,0],"48":[0,0],"49":[0,0],"50":[0,0],"51":[0,0],"52":[0,0,0,0,0,0,0],"53":[0,0],"54":[0,0],"55":[0,0,0],"56":[0,0],"57":[0,0],"58":[0,0],"59":[0,0],"60":[0,0],"61":[0,0],"62":[0,0],"63":[0,0],"64":[0,0],"65":[0,0],"66":[0,0],"67":[0,0],"68":[0,0],"69":[0,0],"70":[0,0],"71":[0,0],"72":[0,0],"73":[0,0],"74":[0,0],"75":[0,0],"76":[0,0],"77":[0,0],"78":[0,0],"79":[0,0],"80":[0,0],"81":[0,0],"82":[0,0],"83":[0,0],"84":[0,0],"85":[0,0],"86":[0,0],"87":[0,0],"88":[0,0],"89":[0,0],"90":[0,0],"91":[0,0],"92":[0,0],"93":[0,0],"94":[0,0],"95":[0,0],"96":[0,0],"97":[0,0],"98":[0,0],"99":[0,0],"100":[0,0],"101":[0,0],"102":[0,0],"103":[0,0],"104":[0,0],"105":[0,0],"106":[0,0],"107":[0,0],"108":[0,0],"109":[0,0],"110":[0,0],"111":[0,0],"112":[0,0],"113":[0,0],"114":[0,0],"115":[0,0],"116":[0,0],"117":[0,0],"118":[0,0],"119":[0,0],"120":[0,0,0,0],"121":[0,0],"122":[0,0],"123":[0,0],"124":[0,0],"125":[0,0],"126":[0,0],"127":[0,0],"128":[0,0],"129":[0,0],"130":[0,0],"131":[0,0],"132":[0,0],"133":[0,0],"134":[0,0],"135":[0,0],"136":[0,0],"137":[0,0],"138":[0,0],"139":[0,0],"140":[0,0],"141":[0,0],"142":[0,0],"143":[0,0],"144":[0,0],"145":[0,0],"146":[0,0],"147":[0,0],"148":[0,0,0],"149":[0,0],"150":[0,0],"151":[0,0],"152":[0,0,0],"153":[0,0],"154":[0,0],"155":[0,0],"156":[0,0],"157":[0,0],"158":[0,0],"159":[0,0],"160":[0,0],"161":[0,0],"162":[0,0,0],"163":[0,0],"164":[0,0],"165":[0,0],"166":[0,0],"167":[0,0],"168":[0,0],"169":[0,0],"170":[77,0]},"f":{"1":0,"2":1,"3":0,"4":0,"5":0,"6":0,"7":0,"8":0,"9":0,"10":0,"11":0,"12":0,"13":0,"14":0,"15":0,"16":0,"17":0,"18":0,"19":0,"20":0,"21":0,"22":0,"23":0,"24":0,"25":0,"26":0,"27":0,"28":0,"29":0,"30":0,"31":0,"32":0,"33":0,"34":0,"35":0,"36":0,"37":0,"38":0,"39":0,"40":0,"41":0,"42":0,"43":0,"44":0,"45":0,"46":0,"47":0,"48":0,"49":0,"50":0,"51":0,"52":0,"53":0,"54":0,"55":0,"56":0,"57":0,"58":0,"59":0,"60":0,"61":0,"62":0,"63":0,"64":0,"65":0,"66":0,"67":0,"68":0,"69":0,"70":0},"fnMap":{"1":{"name":"Parser","line":34,"loc":{"start":{"line":34,"column":0},"end":{"line":34,"column":25}}},"2":{"name":"(anonymous_2)","line":57,"loc":{"start":{"line":57,"column":19},"end":{"line":57,"column":30}}},"3":{"name":"(anonymous_3)","line":83,"loc":{"start":{"line":83,"column":25},"end":{"line":83,"column":36}}},"4":{"name":"(anonymous_4)","line":235,"loc":{"start":{"line":235,"column":22},"end":{"line":235,"column":37}}},"5":{"name":"(anonymous_5)","line":266,"loc":{"start":{"line":266,"column":21},"end":{"line":266,"column":36}}},"6":{"name":"(anonymous_6)","line":308,"loc":{"start":{"line":308,"column":24},"end":{"line":308,"column":39}}},"7":{"name":"(anonymous_7)","line":358,"loc":{"start":{"line":358,"column":23},"end":{"line":358,"column":38}}},"8":{"name":"(anonymous_8)","line":404,"loc":{"start":{"line":404,"column":33},"end":{"line":404,"column":44}}},"9":{"name":"(anonymous_9)","line":439,"loc":{"start":{"line":439,"column":43},"end":{"line":439,"column":54}}},"10":{"name":"(anonymous_10)","line":473,"loc":{"start":{"line":473,"column":45},"end":{"line":473,"column":73}}},"11":{"name":"(anonymous_11)","line":489,"loc":{"start":{"line":489,"column":20},"end":{"line":489,"column":31}}},"12":{"name":"(anonymous_12)","line":550,"loc":{"start":{"line":550,"column":31},"end":{"line":550,"column":42}}},"13":{"name":"(anonymous_13)","line":579,"loc":{"start":{"line":579,"column":26},"end":{"line":579,"column":37}}},"14":{"name":"(anonymous_14)","line":636,"loc":{"start":{"line":636,"column":25},"end":{"line":636,"column":36}}},"15":{"name":"(anonymous_15)","line":653,"loc":{"start":{"line":653,"column":31},"end":{"line":653,"column":42}}},"16":{"name":"(anonymous_16)","line":682,"loc":{"start":{"line":682,"column":28},"end":{"line":682,"column":39}}},"17":{"name":"(anonymous_17)","line":698,"loc":{"start":{"line":698,"column":19},"end":{"line":698,"column":30}}},"18":{"name":"(anonymous_18)","line":755,"loc":{"start":{"line":755,"column":21},"end":{"line":755,"column":32}}},"19":{"name":"(anonymous_19)","line":792,"loc":{"start":{"line":792,"column":25},"end":{"line":792,"column":36}}},"20":{"name":"(anonymous_20)","line":831,"loc":{"start":{"line":831,"column":26},"end":{"line":831,"column":37}}},"21":{"name":"(anonymous_21)","line":848,"loc":{"start":{"line":848,"column":24},"end":{"line":848,"column":35}}},"22":{"name":"(anonymous_22)","line":881,"loc":{"start":{"line":881,"column":23},"end":{"line":881,"column":34}}},"23":{"name":"(anonymous_23)","line":914,"loc":{"start":{"line":914,"column":23},"end":{"line":914,"column":34}}},"24":{"name":"(anonymous_24)","line":992,"loc":{"start":{"line":992,"column":32},"end":{"line":992,"column":43}}},"25":{"name":"(anonymous_25)","line":1012,"loc":{"start":{"line":1012,"column":23},"end":{"line":1012,"column":44}}},"26":{"name":"(anonymous_26)","line":1034,"loc":{"start":{"line":1034,"column":25},"end":{"line":1034,"column":36}}},"27":{"name":"(anonymous_27)","line":1055,"loc":{"start":{"line":1055,"column":29},"end":{"line":1055,"column":40}}},"28":{"name":"(anonymous_28)","line":1072,"loc":{"start
[...]
{","            return (this[\"<length>\"](part) || this[\"<percentage>\"](part)) &&","                (String(part) === \"0\" || part.type === \"function\" || (part.value) >= 0);","        },","","        \"<nonnegative-number-or-percentage>\": function(part) {","            return (this[\"<number>\"](part) || this[\"<percentage>\"](part)) &&","                (String(part) === \"0\" || part.type === \"function\" || (part.value) >= 0);","        },","","        \"<number>\": function(part) {","            return part.type === \"number\" || this[\"<integer>\"](part);","        },","","        \"<opacity-value>\": function(part) {","            return this[\"<number>\"](part) && part.value >= 0 && part.value <= 1;","        },","","        \"<padding-width>\": \"<nonnegative-length-or-percentage>\",","","        \"<percentage>\": function(part) {","            return part.type === \"percentage\" || String(part) === \"0\";","        },","","        \"<relative-size>\": \"smaller | larger\",","","        \"<shape>\": \"rect() | inset-rect()\",","","        \"<shape-box>\": \"<box> | margin-box\",","","        \"<single-animation-direction>\":","            \"normal | reverse | alternate | alternate-reverse\",","","        \"<single-animation-name>\": function(part) {","            return this[\"<ident>\"](part) &&","                /^-?[a-z_][-a-z0-9_]+$/i.test(part) &&","                !/^(none|unset|initial|inherit)$/i.test(part);","        },","","        \"<string>\": function(part) {","            return part.type === \"string\";","        },","","        \"<time>\": function(part) {","            return part.type === \"time\";","        },","","        \"<uri>\": function(part) {","            return part.type === \"uri\";","        },","","        \"<width>\": \"<margin-width>\"","    },","","    complex: {","        __proto__: null,","","        \"<azimuth>\":","            \"<angle>\" +","            \" | \" +","            \"[ [ left-side | far-left | left | center-left | center | \" +","            \"center-right | right | far-right | right-side ] || behind ]\" +","            \" | \"+","            \"leftwards | rightwards\",","","        \"<bg-position>\": \"<position>#\",","","        \"<bg-size>\":","            \"[ <length> | <percentage> | auto ]{1,2} | cover | contain\",","","        \"<border-image-slice>\":","        // [<number> | <percentage>]{1,4} && fill?","        // *but* fill can appear between any of the numbers","        Matcher.many([true /* first element is required */],","                     Matcher.cast(\"<nonnegative-number-or-percentage>\"),","                     Matcher.cast(\"<nonnegative-number-or-percentage>\"),","                     Matcher.cast(\"<nonnegative-number-or-percentage>\"),","                     Matcher.cast(\"<nonnegative-number-or-percentage>\"),","                     \"fill\"),","","        \"<border-radius>\":","            \"<nonnegative-length-or-percentage>{1,4} \" +","            \"[ / <nonnegative-length-or-percentage>{1,4} ]?\",","","        \"<box-shadow>\": \"none | <shadow>#\",","","        \"<clip-path>\": \"<basic-shape> || <geometry-box>\",","","        \"<dasharray>\":","        // \"list of comma and/or white space separated <length>s and","        // <percentage>s\".  There is a non-negative constraint.","        Matcher.cast(\"<nonnegative-length-or-percentage>\")","            .braces(1, Infinity, \"#\", Matcher.cast(\",\").question()),","","        \"<family-name>\":","            // <string> | <IDENT>+","            \"<string> | <ident-not-generic-family> <ident>*\",","","        \"<filter-function-list>\": \"[ <filter-function> | <uri> ]+\",","","        // https://www.w3.org/TR/2014/WD-css-flexbox-1-20140325/#flex-property","        \"<flex>\":","            \"none | [ <flex-grow> <flex-shrink>? || <flex-basis> ]\",","","        \"<font-family>\": \"[ <generic-family> | <family-name> ]#\",","","        \"<font-shorthand>\":","            \"[ <font-style> || <font-variant-css21> || \" +","            \"<font-weight> || <font-stretch> ]? <font-size> \" +","            \"[ / <line-height> ]? <font-family>\",","","        \"<font-variant-alternates>\":","            // stylistic(<feature-value-name>)","            \"stylistic() || \" +","            \"historical-forms || \" +","            // styleset(<feature-value-name> #)","            \"styleset() || \" +","            // character-variant(<feature-value-name> #)","            \"character-variant() || \" +","            // swash(<feature-value-name>)","            \"swash() || \" +","            // ornaments(<feature-value-name>)","            \"ornaments() || \" +","            // annotation(<feature-value-name>)","            \"annotation()\",","","        \"<font-variant-ligatures>\":","            // <common-lig-values>","            \"[ common-ligatures | no-common-ligatures ] || \" +","            // <discretionary-lig-values>","            \"[ discretionary-ligatures | no-discretionary-ligatures ] || \" +","            // <historical-lig-values>","            \"[ historical-ligatures | no-historical-ligatures ] || \" +","            // <contextual-alt-values>","            \"[ contextual | no-contextual ]\",","","        \"<font-variant-numeric>\":","            // <numeric-figure-values>","            \"[ lining-nums | oldstyle-nums ] || \" +","            // <numeric-spacing-values>","            \"[ proportional-nums | tabular-nums ] || \" +","            // <numeric-fraction-values>","            \"[ diagonal-fractions | stacked-fractions ] || \" +","            \"ordinal || slashed-zero\",","","        \"<font-variant-east-asian>\":","            // <east-asian-variant-values>","            \"[ jis78 | jis83 | jis90 | jis04 | simplified | traditional ] || \" +","            // <east-asian-width-values>","            \"[ full-width | proportional-width ] || \" +","            \"ruby\",","","        // Note that <color> here is \"as defined in the SVG spec\", which","        // is more restrictive that the <color> defined in the CSS spec.","        // none | currentColor | <color> [<icccolor>]? |","        // <funciri> [ none | currentColor | <color> [<icccolor>]? ]?","        \"<paint>\": \"<paint-basic> | <uri> <paint-basic>?\",","","        // Helper definition for <paint> above.","        \"<paint-basic>\": \"none | currentColor | <color-svg> <icccolor>?\",","","        \"<position>\":","            // Because our `alt` combinator is ordered, we need to test these","            // in order from longest possible match to shortest.","            \"[ center | [ left | right ] [ <percentage> | <length> ]? ] && \" +","            \"[ center | [ top | bottom ] [ <percentage> | <length> ]? ]\" +","            \" | \" +","            \"[ left | center | right | <percentage> | <length> ] \" +","            \"[ top | center | bottom | <percentage> | <length> ]\" +","            \" | \" +","            \"[ left | center | right | top | bottom | <percentage> | <length> ]\",","","        \"<repeat-style>\":","            \"repeat-x | repeat-y | [ repeat | space | round | no-repeat ]{1,2}\",","","        \"<shadow>\":","        //inset? && [ <length>{2,4} && <color>? ]","        Matcher.many([true /* length is required */],","                     Matcher.cast(\"<length>\").braces(2, 4), \"inset\", \"<color>\"),","","        \"<text-decoration-color>\":","           \"<color>\",","","        \"<text-decoration-line>\":","            \"none | [ underline || overline || line-through || blink ]\",","","        \"<text-decoration-style>\":","            \"solid | double | dotted | dashed | wavy\",","","        \"<will-change>\":","            \"auto | <animateable-feature>#\",","","        \"<x-one-radius>\":","            //[ <length> | <percentage> ] [ <length> | <percentage> ]?","            \"[ <length> | <percentage> ]{1,2}\"","    }","});","","Object.keys(ValidationTypes.simple).forEach(function(nt) {","    var rule = ValidationTypes.simple[nt];","    if (typeof rule === \"string\") {","        ValidationTypes.simple[nt] = function(part) {","            return ValidationTypes.isLiteral(part, rule);","        };","    }","});","","Object.keys(ValidationTypes.complex).forEach(function(nt) {","    var rule = ValidationTypes.complex[nt];","    if (typeof rule === \"string\") {","        ValidationTypes.complex[nt] = Matcher.parse(rule);","    }","});","","// Because this is defined relative to other complex validation types,","// we need to define it *after* the rest of the types are initialized.","ValidationTypes.complex[\"<font-variant>\"] =","    Matcher.oror({ expand: \"<font-variant-ligatures>\" },","                 { expand: \"<font-variant-alternates>\" },","                 \"<font-variant-caps>\",","                 { expand: \"<font-variant-numeric>\" },","                 { expand: \"<font-variant-east-asian>\" });",""],"l":{"3":1,"5":1,"7":1,"8":1,"9":9,"12":1,"15":0,"19":0,"20":0,"21":0,"22":0,"23":0,"25":0,"26":0,"30":0,"34":0,"38":0,"42":0,"43":0,"45":0,"53":0,"56":0,"57":0,"60":0,"68":0,"71":0,"72":0,"75":0,"83":0,"86":0,"87":0,"88":0,"89":0,"91":0,"92":0,"93":0,"94":0,"96":0,"97":0,"99":0,"102":0,"116":0,"121":0,"147":0,"152":0,"165":0,"210":0,"214":0,"223":0,"227":0,"233":0,"237":0,"238":0,"240":0,"245":0,"253":0,"257":0,"262":0,"267":0,"271":0,"277":0,"290":0,"296":0,"300":0,"304":0,"454":1,"455":58,"456":58,"457":36,"458":0,"463":1,"464":27,"465":27,"466":24,"472":1}},"/home/travis/build/npmtest/node-npmtest-parserlib/node_modules/parserlib/src/css/ValidationError.js":{"path":"/home/travis/build/npmtest/node-npmtest-parserlib/node_modules/parserlib/src/css/ValidationError.js","s":{"1":1,"2":1,"3":0,"4":0,"5":0,"6":1},"b":{},"f":{"1":0},"fnMap":{"1":{"name":"ValidationError","line":14,"loc":{"start":{"line":14,"column":0},"end":{"line":14,"column":45}}}},"statementMap":{"1":{"start":{"line":3,"column":0},"end":{"line":3,"column":33}},"2":{"start":{"line":14,"column":0},"end":{"line":37,"column":1}},"3":{"start":{"line":21,"column":4},"end":{"line":21,"column":19}},"4":{"start":{"line":28,"column":4},"end":{"line":28,"column":21}},"5":{"start":{"line":35,"column":4},"end":{"line":35,"column":27}},"6":{"start":{"line":40,"column":0},"end":{"line":40,"column":40}}},"branchMap":{},"code":["\"use strict\";","","module.exports = ValidationError;","","/**"," * Type to use when a validation error occurs."," * @class ValidationError"," * @namespace parserlib.util"," * @constructor"," * @param {String} message The error message."," * @param {int} line The line at which the error occurred."," * @param {int} col The column at which the error occurred."," */","function ValidationError(message, line, col) {","","    /**","     * The column at which the error occurred.","     * @type int","     * @property col","     */","    this.col = col;","","    /**","     * The line at which the error occurred.","     * @type int","     * @property line","     */","    this.line = line;","","    /**","     * The text representation of the unit.","     * @type String","     * @property text","     */","    this.message = message;","","}","","//inherit from Error","ValidationError.prototype = new Error();",""],"l":{"3":1,"14":1,"21":0,"28":0,"35":0,"40":1}},"/home/travis/build/npmtest/node-npmtest-parserlib/node_modules/parserlib/src/css/PropertyValueIterator.js":{"path":"/home/travis/build/npmtest/node-npmtest-parserlib/node_modules/parserlib/src/css/PropertyValueIterator.js","s":{"1":1,"2":1,"3":0,"4":0,"5":0,"6":0,"7":1,"8":0,"9":1,"10":0,"11":1,"12":0,"13":1,"14":0,"15":1,"16":0,"17":1,"18":0,"19":1,"20":0,"21":1,"22":0,"23":0,"24":1,"25":0},"b":{"1":[0,0],"2":[0,0],"3":[0,0],"4":[0,0],"5":[0,0]},"f":{"1":0,"2":0,"3":0,"4":0,"5":0,"6":0,"7":0,"8":0,"9":0,"10":0},"fnMap":{"1":{"name":"PropertyValueIterator","line":13,"loc":{"start":{"line":13,"column":0},"end":{"line":13,"column":38}}},"2":{"name":"(anonymous_2)","line":53,"loc":{"start":{"line":53,"column":40},"end":{"line":53,"column":51}}},"3":{"name":"(anonymous_3)","line":62,"loc":{"start":{"line":62,"column":42},"end":{"line":62,"column":53}}},"4":{"name":"(anonymous_4)","line":71,"loc":{"start":{"line":71,"column":42},"end":{"line":71,"column":53}}},"5":{"name":"(anonymous_5)","line":81,"loc":{"start":{"line":81,"column":39},"end":{"line":81,"column":50}}},"6":{"name":"(anonymous_6)","line":92,"loc":{"start":{"line":92,"column":39},"end":{"line":92,"column":55}}},"7":{"name":"(anonymous_7)","line":103,"loc":{"start":{"line":103,"column":39},"end":{"line":103,"column":50}}},"8":{"name":"(anonymous_8)","line":114,"loc":{"start":{"line":114,"column":43},"end":{"line":114,"column":54}}},"9":{"name":"(anonymous_9)","line":123,"loc":{"start":{"line":123,"column":42},"end":{"line":123,"column":53}}},"10":{"name":"(anonymous_10)","line":134,"loc":{"start":{"line":134,"column":39},"end":{"line":134,"column":50}}}},"statementMap":{"1":{"start":{"line":3,"column":0},"end":{"line":3,"column":39}},"2":{"start":{"line":13,"column":0},"end":{"line":46,"column":1}},"3":{"start":{"line":21,"column":4},"end":{"line":21,"column":16}},"4":{"start":{"line":29,"column":4},"end":{"line":29,"column":30}},"5":{"start":{"line":37,"column":4},"end":{"line":37,"column":21}},"6":{"start":{"line":44,"column":4},"end":{"line":44,"column":23}},"7":{"start":{"line":53,"column":0},"end":{"line":55,"column":2}},"8":{"start":{"line":54,"column":4},"end":{"line":54,"column":30}},"9":{"start":{"line":62,"column":0},"end":{"line":64,"column":2}},"10":{"start":{"line":63,"column":4},"end":{"line":63,"column":25}},"11":{"start":{"line":71,"column":0},"end":{"line":73,"column":2}},"12":{"start":{"line":72,"column":4},"end":{"line":72,"column":40}},"13":{"start":{"line":81,"column":0},"end":{"line":83,"column":2}},"14":{"start":{"line":82,"column":4},"end":{"line":82,"column":30}},"15":{"start":{"line":92,"column":0},"end":{"line":94,"column":2}},"16":{"start":{"line":93,"column":4},"end":{"line":93,"column":71}},"17":{"start":{"line":103,"column":0},"end":{"line":105,"column":2}},"18":{"start":{"line":104,"column":4},"end":{"line":104,"column":58}},"19":{"start":{"line":114,"column":0},"end":{"line":116,"column":2}},"20":{"start":{"line":115,"column":4},"end":{"line":115,"column":55}},"21":{"start":{"line":123,"column":0},"end":{"line":127,"column":2}},"22":{"start":{"line":124,"column":4},"end":{"line":126,"column":5}},"23":{"start":{"line":125,"column":8},"end":{"line":125,"column":36}},"24":{"start":{"line":134,"column":0},"end":{"line":136,"column":2}},"25":{"start":{"line":135,"column":4},"end":{"line":135,"column":22}}},"branchMap":{"1":{"line":93,"type":"cond-expr","locations":[{"start":{"line":93,"column":28},"end":{"line":93,"column":63}},{"start":{"line":93,"column":66},"end":{"line":93,"column":70}}]},"2":{"line":93,"type":"binary-expr","locations":[{"start":{"line":93,"column":51},"end":{"line":93,"column":56}},{"start":{"line":93,"column":60},"end":{"line":93,"column":61}}]},"3":{"line":104,"type":"cond-expr","locations":[{"start":{"line":104,"column":28},"end":{"line":104,"column":50}},{"start":{"line":104,"column":53},"end":{"line":104,"column":57}}]},"4":{"line":115,"type":"cond-expr","locations":[{"start":{"line":115,"column":25},"end":{"line":115,"column":47}},{"start":{"line":115,"column":50},"end":{"line":115,"column":54}}]},"5":{"line":124,"type":"if","locations":[{"start":{"line":124,"column":4},"end":{"line":124,"column":4}},{"start":{"line":124,"column":4},"end":{"line":124,"column":4}}]}},"code":["\"use strict\";","","module.exports = PropertyValueIterator;","","/**"," * A utility class that allows for easy iteration over the various parts of a"," * property value."," * @param {parserlib.css.PropertyValue} value The property value to iterate over."," * @namespace parserlib.css"," * @class PropertyValueIterator"," * @constructor"," */","function PropertyValueIterator(value) {","","    /**","     * Iterator value","     * @type int","     * @property _i","     * @private","     */","    this._i = 0;","","    /**","     * The parts that make up the value.","     * @type Array","     * @property _parts","     * @private","     */","    this._parts = value.parts;","","    /**","     * Keeps track of bookmarks along the way.","     * @type Array","     * @property _marks","     * @private","     */","    this._marks = [];","","    /**","     * Holds the original property value.","     * @type parserlib.css.PropertyValue","     * @property value","     */","    this.value = value;","","}","","/**"," * Returns the total number of parts in the value."," * @return {int} The total number of parts in the value."," * @method count"," */","PropertyValueIterator.prototype.count = function() {","    return this._parts.length;","};","","/**"," * Indicates if the iterator is positioned at the first item."," * @return {Boolean} True if positioned at first item, false if not."," * @method isFirst"," */","PropertyValueIterator.prototype.isFirst = function() {","    return this._i === 0;","};","","/**"," * Indicates if there are more parts of the property value."," * @return {Boolean} True if there are more parts, false if not."," * @method hasNext"," */","PropertyValueIterator.prototype.hasNext = function() {","    return this._i < this._parts.length;","};","","/**"," * Marks the current spot in the iteration so it can be restored to"," * later on."," * @return {void}"," * @method mark"," */","PropertyValueIterator.prototype.mark = function() {","    this._marks.push(this._i);","};","","/**"," * Returns the next part of the property value or null if there is no next"," * part. Does not move the internal counter forward."," * @return {parserlib.css.PropertyValuePart} The next part of the property value or null if there is no next"," * part."," * @method peek"," */","PropertyValueIterator.prototype.peek = function(count) {","    return this.hasNext() ? this._parts[this._i + (count || 0)] : null;","};","","/**"," * Returns the next part of the property value or null if there is no next"," * part."," * @return {parserlib.css.PropertyValuePart} The next part of the property value or null if there is no next"," * part."," * @method next"," */","PropertyValueIterator.prototype.next = function() {","    return this.hasNext() ? this._parts[this._i++] : null;","};","","/**"," * Returns the previous part of the property value or null if there is no"," * previous part."," * @return {parserlib.css.PropertyValuePart} The previous part of the"," * property value or null if there is no previous part."," * @method previous"," */","PropertyValueIterator.prototype.previous = function() {","    return this._i > 0 ? this._parts[--this._i] : null;","};","","/**"," * Restores the last saved bookmark."," * @return {void}"," * @method restore"," */","PropertyValueIterator.prototype.restore = function() {","    if (this._marks.length) {","        this._i = this._marks.pop();","    }","};","","/**"," * Drops the last saved bookmark."," * @return {void}"," * @method drop"," */","PropertyValueIterator.prototype.drop = function() {","    this._marks.pop();","};",""],"l":{"3":1,"13":1,"21":0,"29":0,"37":0,"44":0,"53":1,"54":0,"62":1,"63":0,"71":1,"72":0,"81":1,"82":0,"92":1,"93":0,"103":1,"104":0,"114":1,"115":0,"123":1,"124":0,"125":0,"134":1,"135":0}},"/home/travis/build/npmtest/node-npmtest-parserlib/node_modules/parserlib/src/util/index.js":{"path":"/home/travis/build/npmtest/node-npmtest-parserlib/node_modules/parserlib/src/util/index.js","s":{"1":1},"b":{},"f":{},"fnMap":{},"statementMap":{"1":{"start":{"line":3,"column":0},"end":{"line":9,"column":2}}},"branchMap":{},"code":["\"use strict\";","","module.exports = {","    StringReader    : require(\"./StringReader\"),","    SyntaxError     : require(\"./SyntaxError\"),","    SyntaxUnit      : require(\"./SyntaxUnit\"),","    EventTarget     : require(\"./EventTarget\"),","    TokenStreamBase : require(\"./TokenStreamBase\")","};",""],"l":{"3":1}}}